<?xml version="1.0" encoding="UTF-8"?>
<testng-results ignored="0" total="340" passed="340" failed="0" skipped="0">
  <reporter-output>
  </reporter-output>
  <suite started-at="2019-11-18T14:28:20Z" name="Default suite" finished-at="2019-11-18T14:44:54Z" duration-ms="994236">
    <groups>
    </groups>
    <test started-at="2019-11-18T14:28:20Z" name="Default test" finished-at="2019-11-18T14:44:54Z" duration-ms="994236">
      <class name="regressionTestCases.TrndrRegTCs">
        <test-method is-config="true" signature="init()[pri:0, instance:regressionTestCases.TrndrRegTCs@305b7c14]" started-at="2019-11-18T14:28:20Z" name="init" finished-at="2019-11-18T14:28:21Z" duration-ms="542" status="PASS">
          <reporter-output>
          </reporter-output>
        </test-method> <!-- init -->
        <test-method signature="browserinit()[pri:0, instance:regressionTestCases.TrndrRegTCs@305b7c14]" started-at="2019-11-18T14:28:21Z" name="browserinit" finished-at="2019-11-18T14:28:29Z" duration-ms="8166" status="PASS">
          <reporter-output>
          </reporter-output>
        </test-method> <!-- browserinit -->
        <test-method is-config="true" signature="getResult(org.testng.ITestResult)[pri:0, instance:regressionTestCases.TrndrRegTCs@305b7c14]" started-at="2019-11-18T14:28:29Z" name="getResult" finished-at="2019-11-18T14:28:29Z" duration-ms="4" status="PASS">
          <params>
            <param index="0">
              <value>
                <![CDATA[[TestResult name=browserinit status=SUCCESS method=TrndrRegTCs.browserinit()[pri:0, instance:regressionTestCases.TrndrRegTCs@305b7c14] output={null}]]]>
              </value>
            </param>
          </params>
          <reporter-output>
          </reporter-output>
        </test-method> <!-- getResult -->
        <test-method signature="createbtntrndrtc()[pri:1, instance:regressionTestCases.TrndrRegTCs@305b7c14]" started-at="2019-11-18T14:28:29Z" name="createbtntrndrtc" finished-at="2019-11-18T14:28:31Z" duration-ms="2234" status="PASS">
          <reporter-output>
          </reporter-output>
        </test-method> <!-- createbtntrndrtc -->
        <test-method is-config="true" signature="getResult(org.testng.ITestResult)[pri:0, instance:regressionTestCases.TrndrRegTCs@305b7c14]" started-at="2019-11-18T14:28:31Z" name="getResult" finished-at="2019-11-18T14:28:31Z" duration-ms="1" status="PASS">
          <params>
            <param index="0">
              <value>
                <![CDATA[[TestResult name=createbtntrndrtc status=SUCCESS method=TrndrRegTCs.createbtntrndrtc()[pri:1, instance:regressionTestCases.TrndrRegTCs@305b7c14] output={null}]]]>
              </value>
            </param>
          </params>
          <reporter-output>
          </reporter-output>
        </test-method> <!-- getResult -->
        <test-method signature="nllangtc()[pri:2, instance:regressionTestCases.TrndrRegTCs@305b7c14]" started-at="2019-11-18T14:28:31Z" name="nllangtc" finished-at="2019-11-18T14:28:32Z" duration-ms="484" status="PASS">
          <reporter-output>
          </reporter-output>
        </test-method> <!-- nllangtc -->
        <test-method is-config="true" signature="getResult(org.testng.ITestResult)[pri:0, instance:regressionTestCases.TrndrRegTCs@305b7c14]" started-at="2019-11-18T14:28:32Z" name="getResult" finished-at="2019-11-18T14:28:32Z" duration-ms="1" status="PASS">
          <params>
            <param index="0">
              <value>
                <![CDATA[[TestResult name=nllangtc status=SUCCESS method=TrndrRegTCs.nllangtc()[pri:2, instance:regressionTestCases.TrndrRegTCs@305b7c14] output={null}]]]>
              </value>
            </param>
          </params>
          <reporter-output>
          </reporter-output>
        </test-method> <!-- getResult -->
        <test-method signature="socialcattc()[pri:3, instance:regressionTestCases.TrndrRegTCs@305b7c14]" started-at="2019-11-18T14:28:32Z" name="socialcattc" finished-at="2019-11-18T14:28:33Z" duration-ms="1044" status="PASS">
          <reporter-output>
          </reporter-output>
        </test-method> <!-- socialcattc -->
        <test-method is-config="true" signature="getResult(org.testng.ITestResult)[pri:0, instance:regressionTestCases.TrndrRegTCs@305b7c14]" started-at="2019-11-18T14:28:33Z" name="getResult" finished-at="2019-11-18T14:28:33Z" duration-ms="0" status="PASS">
          <params>
            <param index="0">
              <value>
                <![CDATA[[TestResult name=socialcattc status=SUCCESS method=TrndrRegTCs.socialcattc()[pri:3, instance:regressionTestCases.TrndrRegTCs@305b7c14] output={null}]]]>
              </value>
            </param>
          </params>
          <reporter-output>
          </reporter-output>
        </test-method> <!-- getResult -->
        <test-method signature="R1L1screen()[pri:4, instance:regressionTestCases.TrndrRegTCs@305b7c14]" started-at="2019-11-18T14:28:33Z" name="R1L1screen" finished-at="2019-11-18T14:28:44Z" duration-ms="11263" status="PASS">
          <reporter-output>
          </reporter-output>
        </test-method> <!-- R1L1screen -->
        <test-method is-config="true" signature="getResult(org.testng.ITestResult)[pri:0, instance:regressionTestCases.TrndrRegTCs@305b7c14]" started-at="2019-11-18T14:28:44Z" name="getResult" finished-at="2019-11-18T14:28:44Z" duration-ms="0" status="PASS">
          <params>
            <param index="0">
              <value>
                <![CDATA[[TestResult name=R1L1screen status=SUCCESS method=TrndrRegTCs.R1L1screen()[pri:4, instance:regressionTestCases.TrndrRegTCs@305b7c14] output={null}]]]>
              </value>
            </param>
          </params>
          <reporter-output>
          </reporter-output>
        </test-method> <!-- getResult -->
        <test-method signature="R1L2screen()[pri:5, instance:regressionTestCases.TrndrRegTCs@305b7c14]" started-at="2019-11-18T14:28:44Z" name="R1L2screen" finished-at="2019-11-18T14:28:46Z" duration-ms="2444" status="PASS">
          <reporter-output>
          </reporter-output>
        </test-method> <!-- R1L2screen -->
        <test-method is-config="true" signature="getResult(org.testng.ITestResult)[pri:0, instance:regressionTestCases.TrndrRegTCs@305b7c14]" started-at="2019-11-18T14:28:46Z" name="getResult" finished-at="2019-11-18T14:28:46Z" duration-ms="1" status="PASS">
          <params>
            <param index="0">
              <value>
                <![CDATA[[TestResult name=R1L2screen status=SUCCESS method=TrndrRegTCs.R1L2screen()[pri:5, instance:regressionTestCases.TrndrRegTCs@305b7c14] output={null}]]]>
              </value>
            </param>
          </params>
          <reporter-output>
          </reporter-output>
        </test-method> <!-- getResult -->
        <test-method signature="R1L3screen()[pri:6, instance:regressionTestCases.TrndrRegTCs@305b7c14]" started-at="2019-11-18T14:28:46Z" name="R1L3screen" finished-at="2019-11-18T14:28:47Z" duration-ms="974" status="PASS">
          <reporter-output>
          </reporter-output>
        </test-method> <!-- R1L3screen -->
        <test-method is-config="true" signature="getResult(org.testng.ITestResult)[pri:0, instance:regressionTestCases.TrndrRegTCs@305b7c14]" started-at="2019-11-18T14:28:47Z" name="getResult" finished-at="2019-11-18T14:28:47Z" duration-ms="1" status="PASS">
          <params>
            <param index="0">
              <value>
                <![CDATA[[TestResult name=R1L3screen status=SUCCESS method=TrndrRegTCs.R1L3screen()[pri:6, instance:regressionTestCases.TrndrRegTCs@305b7c14] output={null}]]]>
              </value>
            </param>
          </params>
          <reporter-output>
          </reporter-output>
        </test-method> <!-- getResult -->
        <test-method signature="R1L4screen()[pri:7, instance:regressionTestCases.TrndrRegTCs@305b7c14]" started-at="2019-11-18T14:28:47Z" name="R1L4screen" finished-at="2019-11-18T14:28:48Z" duration-ms="941" status="PASS">
          <reporter-output>
          </reporter-output>
        </test-method> <!-- R1L4screen -->
        <test-method is-config="true" signature="getResult(org.testng.ITestResult)[pri:0, instance:regressionTestCases.TrndrRegTCs@305b7c14]" started-at="2019-11-18T14:28:48Z" name="getResult" finished-at="2019-11-18T14:28:48Z" duration-ms="0" status="PASS">
          <params>
            <param index="0">
              <value>
                <![CDATA[[TestResult name=R1L4screen status=SUCCESS method=TrndrRegTCs.R1L4screen()[pri:7, instance:regressionTestCases.TrndrRegTCs@305b7c14] output={null}]]]>
              </value>
            </param>
          </params>
          <reporter-output>
          </reporter-output>
        </test-method> <!-- getResult -->
        <test-method signature="profileScreenQ()[pri:8, instance:regressionTestCases.TrndrRegTCs@305b7c14]" started-at="2019-11-18T14:28:48Z" name="profileScreenQ" finished-at="2019-11-18T14:28:50Z" duration-ms="1970" status="PASS">
          <reporter-output>
          </reporter-output>
        </test-method> <!-- profileScreenQ -->
        <test-method is-config="true" signature="getResult(org.testng.ITestResult)[pri:0, instance:regressionTestCases.TrndrRegTCs@305b7c14]" started-at="2019-11-18T14:28:50Z" name="getResult" finished-at="2019-11-18T14:28:50Z" duration-ms="0" status="PASS">
          <params>
            <param index="0">
              <value>
                <![CDATA[[TestResult name=profileScreenQ status=SUCCESS method=TrndrRegTCs.profileScreenQ()[pri:8, instance:regressionTestCases.TrndrRegTCs@305b7c14] output={null}]]]>
              </value>
            </param>
          </params>
          <reporter-output>
          </reporter-output>
        </test-method> <!-- getResult -->
        <test-method signature="R2screen()[pri:9, instance:regressionTestCases.TrndrRegTCs@305b7c14]" started-at="2019-11-18T14:28:50Z" name="R2screen" finished-at="2019-11-18T14:28:51Z" duration-ms="698" status="PASS">
          <reporter-output>
          </reporter-output>
        </test-method> <!-- R2screen -->
        <test-method is-config="true" signature="getResult(org.testng.ITestResult)[pri:0, instance:regressionTestCases.TrndrRegTCs@305b7c14]" started-at="2019-11-18T14:28:51Z" name="getResult" finished-at="2019-11-18T14:28:51Z" duration-ms="0" status="PASS">
          <params>
            <param index="0">
              <value>
                <![CDATA[[TestResult name=R2screen status=SUCCESS method=TrndrRegTCs.R2screen()[pri:9, instance:regressionTestCases.TrndrRegTCs@305b7c14] output={null}]]]>
              </value>
            </param>
          </params>
          <reporter-output>
          </reporter-output>
        </test-method> <!-- getResult -->
        <test-method signature="R2L1screen()[pri:10, instance:regressionTestCases.TrndrRegTCs@305b7c14]" started-at="2019-11-18T14:28:51Z" name="R2L1screen" finished-at="2019-11-18T14:29:01Z" duration-ms="10269" status="PASS">
          <reporter-output>
          </reporter-output>
        </test-method> <!-- R2L1screen -->
        <test-method is-config="true" signature="getResult(org.testng.ITestResult)[pri:0, instance:regressionTestCases.TrndrRegTCs@305b7c14]" started-at="2019-11-18T14:29:01Z" name="getResult" finished-at="2019-11-18T14:29:01Z" duration-ms="1" status="PASS">
          <params>
            <param index="0">
              <value>
                <![CDATA[[TestResult name=R2L1screen status=SUCCESS method=TrndrRegTCs.R2L1screen()[pri:10, instance:regressionTestCases.TrndrRegTCs@305b7c14] output={null}]]]>
              </value>
            </param>
          </params>
          <reporter-output>
          </reporter-output>
        </test-method> <!-- getResult -->
        <test-method signature="R2L2screen()[pri:11, instance:regressionTestCases.TrndrRegTCs@305b7c14]" started-at="2019-11-18T14:29:01Z" name="R2L2screen" finished-at="2019-11-18T14:29:04Z" duration-ms="2400" status="PASS">
          <reporter-output>
          </reporter-output>
        </test-method> <!-- R2L2screen -->
        <test-method is-config="true" signature="getResult(org.testng.ITestResult)[pri:0, instance:regressionTestCases.TrndrRegTCs@305b7c14]" started-at="2019-11-18T14:29:04Z" name="getResult" finished-at="2019-11-18T14:29:04Z" duration-ms="0" status="PASS">
          <params>
            <param index="0">
              <value>
                <![CDATA[[TestResult name=R2L2screen status=SUCCESS method=TrndrRegTCs.R2L2screen()[pri:11, instance:regressionTestCases.TrndrRegTCs@305b7c14] output={null}]]]>
              </value>
            </param>
          </params>
          <reporter-output>
          </reporter-output>
        </test-method> <!-- getResult -->
        <test-method signature="R2L3screen()[pri:12, instance:regressionTestCases.TrndrRegTCs@305b7c14]" started-at="2019-11-18T14:29:04Z" name="R2L3screen" finished-at="2019-11-18T14:29:05Z" duration-ms="964" status="PASS">
          <reporter-output>
          </reporter-output>
        </test-method> <!-- R2L3screen -->
        <test-method is-config="true" signature="getResult(org.testng.ITestResult)[pri:0, instance:regressionTestCases.TrndrRegTCs@305b7c14]" started-at="2019-11-18T14:29:05Z" name="getResult" finished-at="2019-11-18T14:29:05Z" duration-ms="0" status="PASS">
          <params>
            <param index="0">
              <value>
                <![CDATA[[TestResult name=R2L3screen status=SUCCESS method=TrndrRegTCs.R2L3screen()[pri:12, instance:regressionTestCases.TrndrRegTCs@305b7c14] output={null}]]]>
              </value>
            </param>
          </params>
          <reporter-output>
          </reporter-output>
        </test-method> <!-- getResult -->
        <test-method signature="R2L4screen()[pri:13, instance:regressionTestCases.TrndrRegTCs@305b7c14]" started-at="2019-11-18T14:29:05Z" name="R2L4screen" finished-at="2019-11-18T14:29:05Z" duration-ms="739" status="PASS">
          <reporter-output>
          </reporter-output>
        </test-method> <!-- R2L4screen -->
        <test-method is-config="true" signature="getResult(org.testng.ITestResult)[pri:0, instance:regressionTestCases.TrndrRegTCs@305b7c14]" started-at="2019-11-18T14:29:05Z" name="getResult" finished-at="2019-11-18T14:29:05Z" duration-ms="1" status="PASS">
          <params>
            <param index="0">
              <value>
                <![CDATA[[TestResult name=R2L4screen status=SUCCESS method=TrndrRegTCs.R2L4screen()[pri:13, instance:regressionTestCases.TrndrRegTCs@305b7c14] output={null}]]]>
              </value>
            </param>
          </params>
          <reporter-output>
          </reporter-output>
        </test-method> <!-- getResult -->
        <test-method signature="R3screen()[pri:14, instance:regressionTestCases.TrndrRegTCs@305b7c14]" started-at="2019-11-18T14:29:05Z" name="R3screen" finished-at="2019-11-18T14:29:06Z" duration-ms="659" status="PASS">
          <reporter-output>
          </reporter-output>
        </test-method> <!-- R3screen -->
        <test-method is-config="true" signature="getResult(org.testng.ITestResult)[pri:0, instance:regressionTestCases.TrndrRegTCs@305b7c14]" started-at="2019-11-18T14:29:06Z" name="getResult" finished-at="2019-11-18T14:29:06Z" duration-ms="0" status="PASS">
          <params>
            <param index="0">
              <value>
                <![CDATA[[TestResult name=R3screen status=SUCCESS method=TrndrRegTCs.R3screen()[pri:14, instance:regressionTestCases.TrndrRegTCs@305b7c14] output={null}]]]>
              </value>
            </param>
          </params>
          <reporter-output>
          </reporter-output>
        </test-method> <!-- getResult -->
        <test-method signature="R3L1screen()[pri:15, instance:regressionTestCases.TrndrRegTCs@305b7c14]" started-at="2019-11-18T14:29:06Z" name="R3L1screen" finished-at="2019-11-18T14:29:16Z" duration-ms="10185" status="PASS">
          <reporter-output>
          </reporter-output>
        </test-method> <!-- R3L1screen -->
        <test-method is-config="true" signature="getResult(org.testng.ITestResult)[pri:0, instance:regressionTestCases.TrndrRegTCs@305b7c14]" started-at="2019-11-18T14:29:16Z" name="getResult" finished-at="2019-11-18T14:29:16Z" duration-ms="1" status="PASS">
          <params>
            <param index="0">
              <value>
                <![CDATA[[TestResult name=R3L1screen status=SUCCESS method=TrndrRegTCs.R3L1screen()[pri:15, instance:regressionTestCases.TrndrRegTCs@305b7c14] output={null}]]]>
              </value>
            </param>
          </params>
          <reporter-output>
          </reporter-output>
        </test-method> <!-- getResult -->
        <test-method signature="R3L2screen()[pri:16, instance:regressionTestCases.TrndrRegTCs@305b7c14]" started-at="2019-11-18T14:29:16Z" name="R3L2screen" finished-at="2019-11-18T14:29:19Z" duration-ms="2364" status="PASS">
          <reporter-output>
          </reporter-output>
        </test-method> <!-- R3L2screen -->
        <test-method is-config="true" signature="getResult(org.testng.ITestResult)[pri:0, instance:regressionTestCases.TrndrRegTCs@305b7c14]" started-at="2019-11-18T14:29:19Z" name="getResult" finished-at="2019-11-18T14:29:19Z" duration-ms="0" status="PASS">
          <params>
            <param index="0">
              <value>
                <![CDATA[[TestResult name=R3L2screen status=SUCCESS method=TrndrRegTCs.R3L2screen()[pri:16, instance:regressionTestCases.TrndrRegTCs@305b7c14] output={null}]]]>
              </value>
            </param>
          </params>
          <reporter-output>
          </reporter-output>
        </test-method> <!-- getResult -->
        <test-method signature="R3L3screen()[pri:17, instance:regressionTestCases.TrndrRegTCs@305b7c14]" started-at="2019-11-18T14:29:19Z" name="R3L3screen" finished-at="2019-11-18T14:29:20Z" duration-ms="991" status="PASS">
          <reporter-output>
          </reporter-output>
        </test-method> <!-- R3L3screen -->
        <test-method is-config="true" signature="getResult(org.testng.ITestResult)[pri:0, instance:regressionTestCases.TrndrRegTCs@305b7c14]" started-at="2019-11-18T14:29:20Z" name="getResult" finished-at="2019-11-18T14:29:20Z" duration-ms="1" status="PASS">
          <params>
            <param index="0">
              <value>
                <![CDATA[[TestResult name=R3L3screen status=SUCCESS method=TrndrRegTCs.R3L3screen()[pri:17, instance:regressionTestCases.TrndrRegTCs@305b7c14] output={null}]]]>
              </value>
            </param>
          </params>
          <reporter-output>
          </reporter-output>
        </test-method> <!-- getResult -->
        <test-method signature="R3L4screen()[pri:18, instance:regressionTestCases.TrndrRegTCs@305b7c14]" started-at="2019-11-18T14:29:20Z" name="R3L4screen" finished-at="2019-11-18T14:29:20Z" duration-ms="687" status="PASS">
          <reporter-output>
          </reporter-output>
        </test-method> <!-- R3L4screen -->
        <test-method is-config="true" signature="getResult(org.testng.ITestResult)[pri:0, instance:regressionTestCases.TrndrRegTCs@305b7c14]" started-at="2019-11-18T14:29:20Z" name="getResult" finished-at="2019-11-18T14:29:20Z" duration-ms="0" status="PASS">
          <params>
            <param index="0">
              <value>
                <![CDATA[[TestResult name=R3L4screen status=SUCCESS method=TrndrRegTCs.R3L4screen()[pri:18, instance:regressionTestCases.TrndrRegTCs@305b7c14] output={null}]]]>
              </value>
            </param>
          </params>
          <reporter-output>
          </reporter-output>
        </test-method> <!-- getResult -->
        <test-method signature="R4screen()[pri:19, instance:regressionTestCases.TrndrRegTCs@305b7c14]" started-at="2019-11-18T14:29:20Z" name="R4screen" finished-at="2019-11-18T14:29:21Z" duration-ms="656" status="PASS">
          <reporter-output>
          </reporter-output>
        </test-method> <!-- R4screen -->
        <test-method is-config="true" signature="getResult(org.testng.ITestResult)[pri:0, instance:regressionTestCases.TrndrRegTCs@305b7c14]" started-at="2019-11-18T14:29:21Z" name="getResult" finished-at="2019-11-18T14:29:21Z" duration-ms="1" status="PASS">
          <params>
            <param index="0">
              <value>
                <![CDATA[[TestResult name=R4screen status=SUCCESS method=TrndrRegTCs.R4screen()[pri:19, instance:regressionTestCases.TrndrRegTCs@305b7c14] output={null}]]]>
              </value>
            </param>
          </params>
          <reporter-output>
          </reporter-output>
        </test-method> <!-- getResult -->
        <test-method signature="R4L1screen()[pri:20, instance:regressionTestCases.TrndrRegTCs@305b7c14]" started-at="2019-11-18T14:29:21Z" name="R4L1screen" finished-at="2019-11-18T14:29:31Z" duration-ms="10158" status="PASS">
          <reporter-output>
          </reporter-output>
        </test-method> <!-- R4L1screen -->
        <test-method is-config="true" signature="getResult(org.testng.ITestResult)[pri:0, instance:regressionTestCases.TrndrRegTCs@305b7c14]" started-at="2019-11-18T14:29:31Z" name="getResult" finished-at="2019-11-18T14:29:31Z" duration-ms="0" status="PASS">
          <params>
            <param index="0">
              <value>
                <![CDATA[[TestResult name=R4L1screen status=SUCCESS method=TrndrRegTCs.R4L1screen()[pri:20, instance:regressionTestCases.TrndrRegTCs@305b7c14] output={null}]]]>
              </value>
            </param>
          </params>
          <reporter-output>
          </reporter-output>
        </test-method> <!-- getResult -->
        <test-method signature="R4L2screen()[pri:21, instance:regressionTestCases.TrndrRegTCs@305b7c14]" started-at="2019-11-18T14:29:31Z" name="R4L2screen" finished-at="2019-11-18T14:29:34Z" duration-ms="2980" status="PASS">
          <reporter-output>
          </reporter-output>
        </test-method> <!-- R4L2screen -->
        <test-method is-config="true" signature="getResult(org.testng.ITestResult)[pri:0, instance:regressionTestCases.TrndrRegTCs@305b7c14]" started-at="2019-11-18T14:29:34Z" name="getResult" finished-at="2019-11-18T14:29:34Z" duration-ms="1" status="PASS">
          <params>
            <param index="0">
              <value>
                <![CDATA[[TestResult name=R4L2screen status=SUCCESS method=TrndrRegTCs.R4L2screen()[pri:21, instance:regressionTestCases.TrndrRegTCs@305b7c14] output={null}]]]>
              </value>
            </param>
          </params>
          <reporter-output>
          </reporter-output>
        </test-method> <!-- getResult -->
        <test-method signature="R4L3screen()[pri:22, instance:regressionTestCases.TrndrRegTCs@305b7c14]" started-at="2019-11-18T14:29:34Z" name="R4L3screen" finished-at="2019-11-18T14:29:36Z" duration-ms="1497" status="PASS">
          <reporter-output>
          </reporter-output>
        </test-method> <!-- R4L3screen -->
        <test-method is-config="true" signature="getResult(org.testng.ITestResult)[pri:0, instance:regressionTestCases.TrndrRegTCs@305b7c14]" started-at="2019-11-18T14:29:36Z" name="getResult" finished-at="2019-11-18T14:29:36Z" duration-ms="0" status="PASS">
          <params>
            <param index="0">
              <value>
                <![CDATA[[TestResult name=R4L3screen status=SUCCESS method=TrndrRegTCs.R4L3screen()[pri:22, instance:regressionTestCases.TrndrRegTCs@305b7c14] output={null}]]]>
              </value>
            </param>
          </params>
          <reporter-output>
          </reporter-output>
        </test-method> <!-- getResult -->
        <test-method signature="R4L4screen()[pri:23, instance:regressionTestCases.TrndrRegTCs@305b7c14]" started-at="2019-11-18T14:29:36Z" name="R4L4screen" finished-at="2019-11-18T14:29:37Z" duration-ms="1214" status="PASS">
          <reporter-output>
          </reporter-output>
        </test-method> <!-- R4L4screen -->
        <test-method is-config="true" signature="getResult(org.testng.ITestResult)[pri:0, instance:regressionTestCases.TrndrRegTCs@305b7c14]" started-at="2019-11-18T14:29:37Z" name="getResult" finished-at="2019-11-18T14:29:37Z" duration-ms="0" status="PASS">
          <params>
            <param index="0">
              <value>
                <![CDATA[[TestResult name=R4L4screen status=SUCCESS method=TrndrRegTCs.R4L4screen()[pri:23, instance:regressionTestCases.TrndrRegTCs@305b7c14] output={null}]]]>
              </value>
            </param>
          </params>
          <reporter-output>
          </reporter-output>
        </test-method> <!-- getResult -->
        <test-method signature="R5screen()[pri:24, instance:regressionTestCases.TrndrRegTCs@305b7c14]" started-at="2019-11-18T14:29:37Z" name="R5screen" finished-at="2019-11-18T14:29:38Z" duration-ms="762" status="PASS">
          <reporter-output>
          </reporter-output>
        </test-method> <!-- R5screen -->
        <test-method is-config="true" signature="getResult(org.testng.ITestResult)[pri:0, instance:regressionTestCases.TrndrRegTCs@305b7c14]" started-at="2019-11-18T14:29:38Z" name="getResult" finished-at="2019-11-18T14:29:38Z" duration-ms="0" status="PASS">
          <params>
            <param index="0">
              <value>
                <![CDATA[[TestResult name=R5screen status=SUCCESS method=TrndrRegTCs.R5screen()[pri:24, instance:regressionTestCases.TrndrRegTCs@305b7c14] output={null}]]]>
              </value>
            </param>
          </params>
          <reporter-output>
          </reporter-output>
        </test-method> <!-- getResult -->
        <test-method signature="R5L1screen()[pri:25, instance:regressionTestCases.TrndrRegTCs@305b7c14]" started-at="2019-11-18T14:29:38Z" name="R5L1screen" finished-at="2019-11-18T14:29:48Z" duration-ms="10388" status="PASS">
          <reporter-output>
          </reporter-output>
        </test-method> <!-- R5L1screen -->
        <test-method is-config="true" signature="getResult(org.testng.ITestResult)[pri:0, instance:regressionTestCases.TrndrRegTCs@305b7c14]" started-at="2019-11-18T14:29:48Z" name="getResult" finished-at="2019-11-18T14:29:48Z" duration-ms="0" status="PASS">
          <params>
            <param index="0">
              <value>
                <![CDATA[[TestResult name=R5L1screen status=SUCCESS method=TrndrRegTCs.R5L1screen()[pri:25, instance:regressionTestCases.TrndrRegTCs@305b7c14] output={null}]]]>
              </value>
            </param>
          </params>
          <reporter-output>
          </reporter-output>
        </test-method> <!-- getResult -->
        <test-method signature="R5L2screen()[pri:26, instance:regressionTestCases.TrndrRegTCs@305b7c14]" started-at="2019-11-18T14:29:48Z" name="R5L2screen" finished-at="2019-11-18T14:29:51Z" duration-ms="2963" status="PASS">
          <reporter-output>
          </reporter-output>
        </test-method> <!-- R5L2screen -->
        <test-method is-config="true" signature="getResult(org.testng.ITestResult)[pri:0, instance:regressionTestCases.TrndrRegTCs@305b7c14]" started-at="2019-11-18T14:29:51Z" name="getResult" finished-at="2019-11-18T14:29:51Z" duration-ms="0" status="PASS">
          <params>
            <param index="0">
              <value>
                <![CDATA[[TestResult name=R5L2screen status=SUCCESS method=TrndrRegTCs.R5L2screen()[pri:26, instance:regressionTestCases.TrndrRegTCs@305b7c14] output={null}]]]>
              </value>
            </param>
          </params>
          <reporter-output>
          </reporter-output>
        </test-method> <!-- getResult -->
        <test-method signature="R5L3screen()[pri:27, instance:regressionTestCases.TrndrRegTCs@305b7c14]" started-at="2019-11-18T14:29:51Z" name="R5L3screen" finished-at="2019-11-18T14:29:52Z" duration-ms="1476" status="PASS">
          <reporter-output>
          </reporter-output>
        </test-method> <!-- R5L3screen -->
        <test-method is-config="true" signature="getResult(org.testng.ITestResult)[pri:0, instance:regressionTestCases.TrndrRegTCs@305b7c14]" started-at="2019-11-18T14:29:52Z" name="getResult" finished-at="2019-11-18T14:29:52Z" duration-ms="1" status="PASS">
          <params>
            <param index="0">
              <value>
                <![CDATA[[TestResult name=R5L3screen status=SUCCESS method=TrndrRegTCs.R5L3screen()[pri:27, instance:regressionTestCases.TrndrRegTCs@305b7c14] output={null}]]]>
              </value>
            </param>
          </params>
          <reporter-output>
          </reporter-output>
        </test-method> <!-- getResult -->
        <test-method signature="R5L4screen()[pri:28, instance:regressionTestCases.TrndrRegTCs@305b7c14]" started-at="2019-11-18T14:29:52Z" name="R5L4screen" finished-at="2019-11-18T14:29:54Z" duration-ms="1155" status="PASS">
          <reporter-output>
          </reporter-output>
        </test-method> <!-- R5L4screen -->
        <test-method is-config="true" signature="getResult(org.testng.ITestResult)[pri:0, instance:regressionTestCases.TrndrRegTCs@305b7c14]" started-at="2019-11-18T14:29:54Z" name="getResult" finished-at="2019-11-18T14:29:54Z" duration-ms="0" status="PASS">
          <params>
            <param index="0">
              <value>
                <![CDATA[[TestResult name=R5L4screen status=SUCCESS method=TrndrRegTCs.R5L4screen()[pri:28, instance:regressionTestCases.TrndrRegTCs@305b7c14] output={null}]]]>
              </value>
            </param>
          </params>
          <reporter-output>
          </reporter-output>
        </test-method> <!-- getResult -->
        <test-method signature="Medalscreen()[pri:29, instance:regressionTestCases.TrndrRegTCs@305b7c14]" started-at="2019-11-18T14:29:54Z" name="Medalscreen" finished-at="2019-11-18T14:29:55Z" duration-ms="1515" status="PASS">
          <reporter-output>
          </reporter-output>
        </test-method> <!-- Medalscreen -->
        <test-method is-config="true" signature="getResult(org.testng.ITestResult)[pri:0, instance:regressionTestCases.TrndrRegTCs@305b7c14]" started-at="2019-11-18T14:29:55Z" name="getResult" finished-at="2019-11-18T14:29:55Z" duration-ms="0" status="PASS">
          <params>
            <param index="0">
              <value>
                <![CDATA[[TestResult name=Medalscreen status=SUCCESS method=TrndrRegTCs.Medalscreen()[pri:29, instance:regressionTestCases.TrndrRegTCs@305b7c14] output={null}]]]>
              </value>
            </param>
          </params>
          <reporter-output>
          </reporter-output>
        </test-method> <!-- getResult -->
        <test-method signature="Accountscreen()[pri:30, instance:regressionTestCases.TrndrRegTCs@305b7c14]" started-at="2019-11-18T14:29:55Z" name="Accountscreen" finished-at="2019-11-18T14:29:56Z" duration-ms="355" status="PASS">
          <reporter-output>
          </reporter-output>
        </test-method> <!-- Accountscreen -->
        <test-method is-config="true" signature="getResult(org.testng.ITestResult)[pri:0, instance:regressionTestCases.TrndrRegTCs@305b7c14]" started-at="2019-11-18T14:29:56Z" name="getResult" finished-at="2019-11-18T14:29:56Z" duration-ms="1" status="PASS">
          <params>
            <param index="0">
              <value>
                <![CDATA[[TestResult name=Accountscreen status=SUCCESS method=TrndrRegTCs.Accountscreen()[pri:30, instance:regressionTestCases.TrndrRegTCs@305b7c14] output={null}]]]>
              </value>
            </param>
          </params>
          <reporter-output>
          </reporter-output>
        </test-method> <!-- getResult -->
        <test-method signature="CategoryiconNL()[pri:31, instance:regressionTestCases.TrndrRegTCs@305b7c14]" started-at="2019-11-18T14:29:56Z" name="CategoryiconNL" finished-at="2019-11-18T14:29:56Z" duration-ms="853" status="PASS">
          <reporter-output>
          </reporter-output>
        </test-method> <!-- CategoryiconNL -->
        <test-method is-config="true" signature="getResult(org.testng.ITestResult)[pri:0, instance:regressionTestCases.TrndrRegTCs@305b7c14]" started-at="2019-11-18T14:29:56Z" name="getResult" finished-at="2019-11-18T14:29:56Z" duration-ms="0" status="PASS">
          <params>
            <param index="0">
              <value>
                <![CDATA[[TestResult name=CategoryiconNL status=SUCCESS method=TrndrRegTCs.CategoryiconNL()[pri:31, instance:regressionTestCases.TrndrRegTCs@305b7c14] output={null}]]]>
              </value>
            </param>
          </params>
          <reporter-output>
          </reporter-output>
        </test-method> <!-- getResult -->
        <test-method signature="Techcattc()[pri:32, instance:regressionTestCases.TrndrRegTCs@305b7c14]" started-at="2019-11-18T14:29:56Z" name="Techcattc" finished-at="2019-11-18T14:29:57Z" duration-ms="1043" status="PASS">
          <reporter-output>
          </reporter-output>
        </test-method> <!-- Techcattc -->
        <test-method is-config="true" signature="getResult(org.testng.ITestResult)[pri:0, instance:regressionTestCases.TrndrRegTCs@305b7c14]" started-at="2019-11-18T14:29:57Z" name="getResult" finished-at="2019-11-18T14:29:57Z" duration-ms="1" status="PASS">
          <params>
            <param index="0">
              <value>
                <![CDATA[[TestResult name=Techcattc status=SUCCESS method=TrndrRegTCs.Techcattc()[pri:32, instance:regressionTestCases.TrndrRegTCs@305b7c14] output={null}]]]>
              </value>
            </param>
          </params>
          <reporter-output>
          </reporter-output>
        </test-method> <!-- getResult -->
        <test-method signature="TechR1L1()[pri:33, instance:regressionTestCases.TrndrRegTCs@305b7c14]" started-at="2019-11-18T14:29:57Z" name="TechR1L1" finished-at="2019-11-18T14:30:08Z" duration-ms="10775" status="PASS">
          <reporter-output>
          </reporter-output>
        </test-method> <!-- TechR1L1 -->
        <test-method is-config="true" signature="getResult(org.testng.ITestResult)[pri:0, instance:regressionTestCases.TrndrRegTCs@305b7c14]" started-at="2019-11-18T14:30:08Z" name="getResult" finished-at="2019-11-18T14:30:08Z" duration-ms="0" status="PASS">
          <params>
            <param index="0">
              <value>
                <![CDATA[[TestResult name=TechR1L1 status=SUCCESS method=TrndrRegTCs.TechR1L1()[pri:33, instance:regressionTestCases.TrndrRegTCs@305b7c14] output={null}]]]>
              </value>
            </param>
          </params>
          <reporter-output>
          </reporter-output>
        </test-method> <!-- getResult -->
        <test-method signature="TecR1L2screen()[pri:34, instance:regressionTestCases.TrndrRegTCs@305b7c14]" started-at="2019-11-18T14:30:08Z" name="TecR1L2screen" finished-at="2019-11-18T14:30:11Z" duration-ms="2357" status="PASS">
          <reporter-output>
          </reporter-output>
        </test-method> <!-- TecR1L2screen -->
        <test-method is-config="true" signature="getResult(org.testng.ITestResult)[pri:0, instance:regressionTestCases.TrndrRegTCs@305b7c14]" started-at="2019-11-18T14:30:11Z" name="getResult" finished-at="2019-11-18T14:30:11Z" duration-ms="1" status="PASS">
          <params>
            <param index="0">
              <value>
                <![CDATA[[TestResult name=TecR1L2screen status=SUCCESS method=TrndrRegTCs.TecR1L2screen()[pri:34, instance:regressionTestCases.TrndrRegTCs@305b7c14] output={null}]]]>
              </value>
            </param>
          </params>
          <reporter-output>
          </reporter-output>
        </test-method> <!-- getResult -->
        <test-method signature="TechcattcR1L3screen()[pri:35, instance:regressionTestCases.TrndrRegTCs@305b7c14]" started-at="2019-11-18T14:30:11Z" name="TechcattcR1L3screen" finished-at="2019-11-18T14:30:11Z" duration-ms="949" status="PASS">
          <reporter-output>
          </reporter-output>
        </test-method> <!-- TechcattcR1L3screen -->
        <test-method is-config="true" signature="getResult(org.testng.ITestResult)[pri:0, instance:regressionTestCases.TrndrRegTCs@305b7c14]" started-at="2019-11-18T14:30:11Z" name="getResult" finished-at="2019-11-18T14:30:11Z" duration-ms="0" status="PASS">
          <params>
            <param index="0">
              <value>
                <![CDATA[[TestResult name=TechcattcR1L3screen status=SUCCESS method=TrndrRegTCs.TechcattcR1L3screen()[pri:35, instance:regressionTestCases.TrndrRegTCs@305b7c14] output={null}]]]>
              </value>
            </param>
          </params>
          <reporter-output>
          </reporter-output>
        </test-method> <!-- getResult -->
        <test-method signature="TechcattcR1L4screen()[pri:36, instance:regressionTestCases.TrndrRegTCs@305b7c14]" started-at="2019-11-18T14:30:11Z" name="TechcattcR1L4screen" finished-at="2019-11-18T14:30:12Z" duration-ms="647" status="PASS">
          <reporter-output>
          </reporter-output>
        </test-method> <!-- TechcattcR1L4screen -->
        <test-method is-config="true" signature="getResult(org.testng.ITestResult)[pri:0, instance:regressionTestCases.TrndrRegTCs@305b7c14]" started-at="2019-11-18T14:30:12Z" name="getResult" finished-at="2019-11-18T14:30:12Z" duration-ms="1" status="PASS">
          <params>
            <param index="0">
              <value>
                <![CDATA[[TestResult name=TechcattcR1L4screen status=SUCCESS method=TrndrRegTCs.TechcattcR1L4screen()[pri:36, instance:regressionTestCases.TrndrRegTCs@305b7c14] output={null}]]]>
              </value>
            </param>
          </params>
          <reporter-output>
          </reporter-output>
        </test-method> <!-- getResult -->
        <test-method signature="TechcattcR2screen()[pri:37, instance:regressionTestCases.TrndrRegTCs@305b7c14]" started-at="2019-11-18T14:30:12Z" name="TechcattcR2screen" finished-at="2019-11-18T14:30:13Z" duration-ms="658" status="PASS">
          <reporter-output>
          </reporter-output>
        </test-method> <!-- TechcattcR2screen -->
        <test-method is-config="true" signature="getResult(org.testng.ITestResult)[pri:0, instance:regressionTestCases.TrndrRegTCs@305b7c14]" started-at="2019-11-18T14:30:13Z" name="getResult" finished-at="2019-11-18T14:30:13Z" duration-ms="0" status="PASS">
          <params>
            <param index="0">
              <value>
                <![CDATA[[TestResult name=TechcattcR2screen status=SUCCESS method=TrndrRegTCs.TechcattcR2screen()[pri:37, instance:regressionTestCases.TrndrRegTCs@305b7c14] output={null}]]]>
              </value>
            </param>
          </params>
          <reporter-output>
          </reporter-output>
        </test-method> <!-- getResult -->
        <test-method signature="TechcattcR2L1screen()[pri:38, instance:regressionTestCases.TrndrRegTCs@305b7c14]" started-at="2019-11-18T14:30:13Z" name="TechcattcR2L1screen" finished-at="2019-11-18T14:30:23Z" duration-ms="10051" status="PASS">
          <reporter-output>
          </reporter-output>
        </test-method> <!-- TechcattcR2L1screen -->
        <test-method is-config="true" signature="getResult(org.testng.ITestResult)[pri:0, instance:regressionTestCases.TrndrRegTCs@305b7c14]" started-at="2019-11-18T14:30:23Z" name="getResult" finished-at="2019-11-18T14:30:23Z" duration-ms="0" status="PASS">
          <params>
            <param index="0">
              <value>
                <![CDATA[[TestResult name=TechcattcR2L1screen status=SUCCESS method=TrndrRegTCs.TechcattcR2L1screen()[pri:38, instance:regressionTestCases.TrndrRegTCs@305b7c14] output={null}]]]>
              </value>
            </param>
          </params>
          <reporter-output>
          </reporter-output>
        </test-method> <!-- getResult -->
        <test-method signature="TechcattcR2L2screen()[pri:40, instance:regressionTestCases.TrndrRegTCs@305b7c14]" started-at="2019-11-18T14:30:23Z" name="TechcattcR2L2screen" finished-at="2019-11-18T14:30:25Z" duration-ms="2468" status="PASS">
          <reporter-output>
          </reporter-output>
        </test-method> <!-- TechcattcR2L2screen -->
        <test-method is-config="true" signature="getResult(org.testng.ITestResult)[pri:0, instance:regressionTestCases.TrndrRegTCs@305b7c14]" started-at="2019-11-18T14:30:25Z" name="getResult" finished-at="2019-11-18T14:30:25Z" duration-ms="1" status="PASS">
          <params>
            <param index="0">
              <value>
                <![CDATA[[TestResult name=TechcattcR2L2screen status=SUCCESS method=TrndrRegTCs.TechcattcR2L2screen()[pri:40, instance:regressionTestCases.TrndrRegTCs@305b7c14] output={null}]]]>
              </value>
            </param>
          </params>
          <reporter-output>
          </reporter-output>
        </test-method> <!-- getResult -->
        <test-method signature="TechcattcR2L3screen()[pri:41, instance:regressionTestCases.TrndrRegTCs@305b7c14]" started-at="2019-11-18T14:30:25Z" name="TechcattcR2L3screen" finished-at="2019-11-18T14:30:26Z" duration-ms="1088" status="PASS">
          <reporter-output>
          </reporter-output>
        </test-method> <!-- TechcattcR2L3screen -->
        <test-method is-config="true" signature="getResult(org.testng.ITestResult)[pri:0, instance:regressionTestCases.TrndrRegTCs@305b7c14]" started-at="2019-11-18T14:30:26Z" name="getResult" finished-at="2019-11-18T14:30:26Z" duration-ms="1" status="PASS">
          <params>
            <param index="0">
              <value>
                <![CDATA[[TestResult name=TechcattcR2L3screen status=SUCCESS method=TrndrRegTCs.TechcattcR2L3screen()[pri:41, instance:regressionTestCases.TrndrRegTCs@305b7c14] output={null}]]]>
              </value>
            </param>
          </params>
          <reporter-output>
          </reporter-output>
        </test-method> <!-- getResult -->
        <test-method signature="TechcattcR2L4screen()[pri:42, instance:regressionTestCases.TrndrRegTCs@305b7c14]" started-at="2019-11-18T14:30:26Z" name="TechcattcR2L4screen" finished-at="2019-11-18T14:30:27Z" duration-ms="856" status="PASS">
          <reporter-output>
          </reporter-output>
        </test-method> <!-- TechcattcR2L4screen -->
        <test-method is-config="true" signature="getResult(org.testng.ITestResult)[pri:0, instance:regressionTestCases.TrndrRegTCs@305b7c14]" started-at="2019-11-18T14:30:27Z" name="getResult" finished-at="2019-11-18T14:30:27Z" duration-ms="1" status="PASS">
          <params>
            <param index="0">
              <value>
                <![CDATA[[TestResult name=TechcattcR2L4screen status=SUCCESS method=TrndrRegTCs.TechcattcR2L4screen()[pri:42, instance:regressionTestCases.TrndrRegTCs@305b7c14] output={null}]]]>
              </value>
            </param>
          </params>
          <reporter-output>
          </reporter-output>
        </test-method> <!-- getResult -->
        <test-method signature="TechcattcR3screen()[pri:43, instance:regressionTestCases.TrndrRegTCs@305b7c14]" started-at="2019-11-18T14:30:27Z" name="TechcattcR3screen" finished-at="2019-11-18T14:30:28Z" duration-ms="715" status="PASS">
          <reporter-output>
          </reporter-output>
        </test-method> <!-- TechcattcR3screen -->
        <test-method is-config="true" signature="getResult(org.testng.ITestResult)[pri:0, instance:regressionTestCases.TrndrRegTCs@305b7c14]" started-at="2019-11-18T14:30:28Z" name="getResult" finished-at="2019-11-18T14:30:28Z" duration-ms="0" status="PASS">
          <params>
            <param index="0">
              <value>
                <![CDATA[[TestResult name=TechcattcR3screen status=SUCCESS method=TrndrRegTCs.TechcattcR3screen()[pri:43, instance:regressionTestCases.TrndrRegTCs@305b7c14] output={null}]]]>
              </value>
            </param>
          </params>
          <reporter-output>
          </reporter-output>
        </test-method> <!-- getResult -->
        <test-method signature="TechcattcR3L1screen()[pri:44, instance:regressionTestCases.TrndrRegTCs@305b7c14]" started-at="2019-11-18T14:30:28Z" name="TechcattcR3L1screen" finished-at="2019-11-18T14:30:38Z" duration-ms="10380" status="PASS">
          <reporter-output>
          </reporter-output>
        </test-method> <!-- TechcattcR3L1screen -->
        <test-method is-config="true" signature="getResult(org.testng.ITestResult)[pri:0, instance:regressionTestCases.TrndrRegTCs@305b7c14]" started-at="2019-11-18T14:30:38Z" name="getResult" finished-at="2019-11-18T14:30:38Z" duration-ms="0" status="PASS">
          <params>
            <param index="0">
              <value>
                <![CDATA[[TestResult name=TechcattcR3L1screen status=SUCCESS method=TrndrRegTCs.TechcattcR3L1screen()[pri:44, instance:regressionTestCases.TrndrRegTCs@305b7c14] output={null}]]]>
              </value>
            </param>
          </params>
          <reporter-output>
          </reporter-output>
        </test-method> <!-- getResult -->
        <test-method signature="TechcattcR3L2screen()[pri:45, instance:regressionTestCases.TrndrRegTCs@305b7c14]" started-at="2019-11-18T14:30:38Z" name="TechcattcR3L2screen" finished-at="2019-11-18T14:30:41Z" duration-ms="2399" status="PASS">
          <reporter-output>
          </reporter-output>
        </test-method> <!-- TechcattcR3L2screen -->
        <test-method signature="TechcattcR3L3screen()[pri:46, instance:regressionTestCases.TrndrRegTCs@305b7c14]" started-at="2019-11-18T14:30:41Z" name="TechcattcR3L3screen" finished-at="2019-11-18T14:30:42Z" duration-ms="980" status="PASS">
          <reporter-output>
          </reporter-output>
        </test-method> <!-- TechcattcR3L3screen -->
        <test-method is-config="true" signature="getResult(org.testng.ITestResult)[pri:0, instance:regressionTestCases.TrndrRegTCs@305b7c14]" started-at="2019-11-18T14:30:41Z" name="getResult" finished-at="2019-11-18T14:30:41Z" duration-ms="0" status="PASS">
          <params>
            <param index="0">
              <value>
                <![CDATA[[TestResult name=TechcattcR3L2screen status=SUCCESS method=TrndrRegTCs.TechcattcR3L2screen()[pri:45, instance:regressionTestCases.TrndrRegTCs@305b7c14] output={null}]]]>
              </value>
            </param>
          </params>
          <reporter-output>
          </reporter-output>
        </test-method> <!-- getResult -->
        <test-method is-config="true" signature="getResult(org.testng.ITestResult)[pri:0, instance:regressionTestCases.TrndrRegTCs@305b7c14]" started-at="2019-11-18T14:30:42Z" name="getResult" finished-at="2019-11-18T14:30:42Z" duration-ms="1" status="PASS">
          <params>
            <param index="0">
              <value>
                <![CDATA[[TestResult name=TechcattcR3L3screen status=SUCCESS method=TrndrRegTCs.TechcattcR3L3screen()[pri:46, instance:regressionTestCases.TrndrRegTCs@305b7c14] output={null}]]]>
              </value>
            </param>
          </params>
          <reporter-output>
          </reporter-output>
        </test-method> <!-- getResult -->
        <test-method signature="TechcattcR3L4screen()[pri:47, instance:regressionTestCases.TrndrRegTCs@305b7c14]" started-at="2019-11-18T14:30:42Z" name="TechcattcR3L4screen" finished-at="2019-11-18T14:30:43Z" duration-ms="765" status="PASS">
          <reporter-output>
          </reporter-output>
        </test-method> <!-- TechcattcR3L4screen -->
        <test-method is-config="true" signature="getResult(org.testng.ITestResult)[pri:0, instance:regressionTestCases.TrndrRegTCs@305b7c14]" started-at="2019-11-18T14:30:43Z" name="getResult" finished-at="2019-11-18T14:30:43Z" duration-ms="0" status="PASS">
          <params>
            <param index="0">
              <value>
                <![CDATA[[TestResult name=TechcattcR3L4screen status=SUCCESS method=TrndrRegTCs.TechcattcR3L4screen()[pri:47, instance:regressionTestCases.TrndrRegTCs@305b7c14] output={null}]]]>
              </value>
            </param>
          </params>
          <reporter-output>
          </reporter-output>
        </test-method> <!-- getResult -->
        <test-method signature="TechcattcR4screen()[pri:48, instance:regressionTestCases.TrndrRegTCs@305b7c14]" started-at="2019-11-18T14:30:43Z" name="TechcattcR4screen" finished-at="2019-11-18T14:30:43Z" duration-ms="775" status="PASS">
          <reporter-output>
          </reporter-output>
        </test-method> <!-- TechcattcR4screen -->
        <test-method is-config="true" signature="getResult(org.testng.ITestResult)[pri:0, instance:regressionTestCases.TrndrRegTCs@305b7c14]" started-at="2019-11-18T14:30:43Z" name="getResult" finished-at="2019-11-18T14:30:43Z" duration-ms="1" status="PASS">
          <params>
            <param index="0">
              <value>
                <![CDATA[[TestResult name=TechcattcR4screen status=SUCCESS method=TrndrRegTCs.TechcattcR4screen()[pri:48, instance:regressionTestCases.TrndrRegTCs@305b7c14] output={null}]]]>
              </value>
            </param>
          </params>
          <reporter-output>
          </reporter-output>
        </test-method> <!-- getResult -->
        <test-method signature="TechcattcR4L1screen()[pri:49, instance:regressionTestCases.TrndrRegTCs@305b7c14]" started-at="2019-11-18T14:30:43Z" name="TechcattcR4L1screen" finished-at="2019-11-18T14:30:54Z" duration-ms="10380" status="PASS">
          <reporter-output>
          </reporter-output>
        </test-method> <!-- TechcattcR4L1screen -->
        <test-method is-config="true" signature="getResult(org.testng.ITestResult)[pri:0, instance:regressionTestCases.TrndrRegTCs@305b7c14]" started-at="2019-11-18T14:30:54Z" name="getResult" finished-at="2019-11-18T14:30:54Z" duration-ms="0" status="PASS">
          <params>
            <param index="0">
              <value>
                <![CDATA[[TestResult name=TechcattcR4L1screen status=SUCCESS method=TrndrRegTCs.TechcattcR4L1screen()[pri:49, instance:regressionTestCases.TrndrRegTCs@305b7c14] output={null}]]]>
              </value>
            </param>
          </params>
          <reporter-output>
          </reporter-output>
        </test-method> <!-- getResult -->
        <test-method signature="TechcattcR4L2screen()[pri:50, instance:regressionTestCases.TrndrRegTCs@305b7c14]" started-at="2019-11-18T14:30:54Z" name="TechcattcR4L2screen" finished-at="2019-11-18T14:30:57Z" duration-ms="2977" status="PASS">
          <reporter-output>
          </reporter-output>
        </test-method> <!-- TechcattcR4L2screen -->
        <test-method is-config="true" signature="getResult(org.testng.ITestResult)[pri:0, instance:regressionTestCases.TrndrRegTCs@305b7c14]" started-at="2019-11-18T14:30:57Z" name="getResult" finished-at="2019-11-18T14:30:57Z" duration-ms="0" status="PASS">
          <params>
            <param index="0">
              <value>
                <![CDATA[[TestResult name=TechcattcR4L2screen status=SUCCESS method=TrndrRegTCs.TechcattcR4L2screen()[pri:50, instance:regressionTestCases.TrndrRegTCs@305b7c14] output={null}]]]>
              </value>
            </param>
          </params>
          <reporter-output>
          </reporter-output>
        </test-method> <!-- getResult -->
        <test-method signature="TechcattcR4L3screen()[pri:51, instance:regressionTestCases.TrndrRegTCs@305b7c14]" started-at="2019-11-18T14:30:57Z" name="TechcattcR4L3screen" finished-at="2019-11-18T14:30:58Z" duration-ms="1527" status="PASS">
          <reporter-output>
          </reporter-output>
        </test-method> <!-- TechcattcR4L3screen -->
        <test-method is-config="true" signature="getResult(org.testng.ITestResult)[pri:0, instance:regressionTestCases.TrndrRegTCs@305b7c14]" started-at="2019-11-18T14:30:58Z" name="getResult" finished-at="2019-11-18T14:30:58Z" duration-ms="0" status="PASS">
          <params>
            <param index="0">
              <value>
                <![CDATA[[TestResult name=TechcattcR4L3screen status=SUCCESS method=TrndrRegTCs.TechcattcR4L3screen()[pri:51, instance:regressionTestCases.TrndrRegTCs@305b7c14] output={null}]]]>
              </value>
            </param>
          </params>
          <reporter-output>
          </reporter-output>
        </test-method> <!-- getResult -->
        <test-method signature="TechcattcR4L4screen()[pri:52, instance:regressionTestCases.TrndrRegTCs@305b7c14]" started-at="2019-11-18T14:30:58Z" name="TechcattcR4L4screen" finished-at="2019-11-18T14:30:59Z" duration-ms="1099" status="PASS">
          <reporter-output>
          </reporter-output>
        </test-method> <!-- TechcattcR4L4screen -->
        <test-method is-config="true" signature="getResult(org.testng.ITestResult)[pri:0, instance:regressionTestCases.TrndrRegTCs@305b7c14]" started-at="2019-11-18T14:30:59Z" name="getResult" finished-at="2019-11-18T14:30:59Z" duration-ms="0" status="PASS">
          <params>
            <param index="0">
              <value>
                <![CDATA[[TestResult name=TechcattcR4L4screen status=SUCCESS method=TrndrRegTCs.TechcattcR4L4screen()[pri:52, instance:regressionTestCases.TrndrRegTCs@305b7c14] output={null}]]]>
              </value>
            </param>
          </params>
          <reporter-output>
          </reporter-output>
        </test-method> <!-- getResult -->
        <test-method signature="TechcattcR5screen()[pri:53, instance:regressionTestCases.TrndrRegTCs@305b7c14]" started-at="2019-11-18T14:30:59Z" name="TechcattcR5screen" finished-at="2019-11-18T14:31:00Z" duration-ms="813" status="PASS">
          <reporter-output>
          </reporter-output>
        </test-method> <!-- TechcattcR5screen -->
        <test-method is-config="true" signature="getResult(org.testng.ITestResult)[pri:0, instance:regressionTestCases.TrndrRegTCs@305b7c14]" started-at="2019-11-18T14:31:00Z" name="getResult" finished-at="2019-11-18T14:31:00Z" duration-ms="0" status="PASS">
          <params>
            <param index="0">
              <value>
                <![CDATA[[TestResult name=TechcattcR5screen status=SUCCESS method=TrndrRegTCs.TechcattcR5screen()[pri:53, instance:regressionTestCases.TrndrRegTCs@305b7c14] output={null}]]]>
              </value>
            </param>
          </params>
          <reporter-output>
          </reporter-output>
        </test-method> <!-- getResult -->
        <test-method signature="TechcattcR5L1screen()[pri:54, instance:regressionTestCases.TrndrRegTCs@305b7c14]" started-at="2019-11-18T14:31:00Z" name="TechcattcR5L1screen" finished-at="2019-11-18T14:31:10Z" duration-ms="10186" status="PASS">
          <reporter-output>
          </reporter-output>
        </test-method> <!-- TechcattcR5L1screen -->
        <test-method is-config="true" signature="getResult(org.testng.ITestResult)[pri:0, instance:regressionTestCases.TrndrRegTCs@305b7c14]" started-at="2019-11-18T14:31:10Z" name="getResult" finished-at="2019-11-18T14:31:10Z" duration-ms="1" status="PASS">
          <params>
            <param index="0">
              <value>
                <![CDATA[[TestResult name=TechcattcR5L1screen status=SUCCESS method=TrndrRegTCs.TechcattcR5L1screen()[pri:54, instance:regressionTestCases.TrndrRegTCs@305b7c14] output={null}]]]>
              </value>
            </param>
          </params>
          <reporter-output>
          </reporter-output>
        </test-method> <!-- getResult -->
        <test-method signature="TechcattcR5L2screen()[pri:55, instance:regressionTestCases.TrndrRegTCs@305b7c14]" started-at="2019-11-18T14:31:10Z" name="TechcattcR5L2screen" finished-at="2019-11-18T14:31:13Z" duration-ms="2883" status="PASS">
          <reporter-output>
          </reporter-output>
        </test-method> <!-- TechcattcR5L2screen -->
        <test-method is-config="true" signature="getResult(org.testng.ITestResult)[pri:0, instance:regressionTestCases.TrndrRegTCs@305b7c14]" started-at="2019-11-18T14:31:13Z" name="getResult" finished-at="2019-11-18T14:31:13Z" duration-ms="0" status="PASS">
          <params>
            <param index="0">
              <value>
                <![CDATA[[TestResult name=TechcattcR5L2screen status=SUCCESS method=TrndrRegTCs.TechcattcR5L2screen()[pri:55, instance:regressionTestCases.TrndrRegTCs@305b7c14] output={null}]]]>
              </value>
            </param>
          </params>
          <reporter-output>
          </reporter-output>
        </test-method> <!-- getResult -->
        <test-method signature="TechcattcR5L3screen()[pri:56, instance:regressionTestCases.TrndrRegTCs@305b7c14]" started-at="2019-11-18T14:31:13Z" name="TechcattcR5L3screen" finished-at="2019-11-18T14:31:15Z" duration-ms="1450" status="PASS">
          <reporter-output>
          </reporter-output>
        </test-method> <!-- TechcattcR5L3screen -->
        <test-method is-config="true" signature="getResult(org.testng.ITestResult)[pri:0, instance:regressionTestCases.TrndrRegTCs@305b7c14]" started-at="2019-11-18T14:31:15Z" name="getResult" finished-at="2019-11-18T14:31:15Z" duration-ms="0" status="PASS">
          <params>
            <param index="0">
              <value>
                <![CDATA[[TestResult name=TechcattcR5L3screen status=SUCCESS method=TrndrRegTCs.TechcattcR5L3screen()[pri:56, instance:regressionTestCases.TrndrRegTCs@305b7c14] output={null}]]]>
              </value>
            </param>
          </params>
          <reporter-output>
          </reporter-output>
        </test-method> <!-- getResult -->
        <test-method signature="TechcattcR5L4screen()[pri:57, instance:regressionTestCases.TrndrRegTCs@305b7c14]" started-at="2019-11-18T14:31:15Z" name="TechcattcR5L4screen" finished-at="2019-11-18T14:31:16Z" duration-ms="1077" status="PASS">
          <reporter-output>
          </reporter-output>
        </test-method> <!-- TechcattcR5L4screen -->
        <test-method is-config="true" signature="getResult(org.testng.ITestResult)[pri:0, instance:regressionTestCases.TrndrRegTCs@305b7c14]" started-at="2019-11-18T14:31:16Z" name="getResult" finished-at="2019-11-18T14:31:16Z" duration-ms="0" status="PASS">
          <params>
            <param index="0">
              <value>
                <![CDATA[[TestResult name=TechcattcR5L4screen status=SUCCESS method=TrndrRegTCs.TechcattcR5L4screen()[pri:57, instance:regressionTestCases.TrndrRegTCs@305b7c14] output={null}]]]>
              </value>
            </param>
          </params>
          <reporter-output>
          </reporter-output>
        </test-method> <!-- getResult -->
        <test-method signature="TechcattcMedalscreen()[pri:58, instance:regressionTestCases.TrndrRegTCs@305b7c14]" started-at="2019-11-18T14:31:16Z" name="TechcattcMedalscreen" finished-at="2019-11-18T14:31:17Z" duration-ms="1045" status="PASS">
          <reporter-output>
          </reporter-output>
        </test-method> <!-- TechcattcMedalscreen -->
        <test-method is-config="true" signature="getResult(org.testng.ITestResult)[pri:0, instance:regressionTestCases.TrndrRegTCs@305b7c14]" started-at="2019-11-18T14:31:17Z" name="getResult" finished-at="2019-11-18T14:31:17Z" duration-ms="0" status="PASS">
          <params>
            <param index="0">
              <value>
                <![CDATA[[TestResult name=TechcattcMedalscreen status=SUCCESS method=TrndrRegTCs.TechcattcMedalscreen()[pri:58, instance:regressionTestCases.TrndrRegTCs@305b7c14] output={null}]]]>
              </value>
            </param>
          </params>
          <reporter-output>
          </reporter-output>
        </test-method> <!-- getResult -->
        <test-method signature="TechcattcAccountscreen()[pri:59, instance:regressionTestCases.TrndrRegTCs@305b7c14]" started-at="2019-11-18T14:31:17Z" name="TechcattcAccountscreen" finished-at="2019-11-18T14:31:17Z" duration-ms="273" status="PASS">
          <reporter-output>
          </reporter-output>
        </test-method> <!-- TechcattcAccountscreen -->
        <test-method is-config="true" signature="getResult(org.testng.ITestResult)[pri:0, instance:regressionTestCases.TrndrRegTCs@305b7c14]" started-at="2019-11-18T14:31:17Z" name="getResult" finished-at="2019-11-18T14:31:17Z" duration-ms="0" status="PASS">
          <params>
            <param index="0">
              <value>
                <![CDATA[[TestResult name=TechcattcAccountscreen status=SUCCESS method=TrndrRegTCs.TechcattcAccountscreen()[pri:59, instance:regressionTestCases.TrndrRegTCs@305b7c14] output={null}]]]>
              </value>
            </param>
          </params>
          <reporter-output>
          </reporter-output>
        </test-method> <!-- getResult -->
        <test-method signature="TechcattcCategoryiconNL()[pri:60, instance:regressionTestCases.TrndrRegTCs@305b7c14]" started-at="2019-11-18T14:31:17Z" name="TechcattcCategoryiconNL" finished-at="2019-11-18T14:31:18Z" duration-ms="832" status="PASS">
          <reporter-output>
          </reporter-output>
        </test-method> <!-- TechcattcCategoryiconNL -->
        <test-method is-config="true" signature="getResult(org.testng.ITestResult)[pri:0, instance:regressionTestCases.TrndrRegTCs@305b7c14]" started-at="2019-11-18T14:31:18Z" name="getResult" finished-at="2019-11-18T14:31:18Z" duration-ms="0" status="PASS">
          <params>
            <param index="0">
              <value>
                <![CDATA[[TestResult name=TechcattcCategoryiconNL status=SUCCESS method=TrndrRegTCs.TechcattcCategoryiconNL()[pri:60, instance:regressionTestCases.TrndrRegTCs@305b7c14] output={null}]]]>
              </value>
            </param>
          </params>
          <reporter-output>
          </reporter-output>
        </test-method> <!-- getResult -->
        <test-method signature="Communicatiecattc()[pri:61, instance:regressionTestCases.TrndrRegTCs@305b7c14]" started-at="2019-11-18T14:31:18Z" name="Communicatiecattc" finished-at="2019-11-18T14:31:19Z" duration-ms="977" status="PASS">
          <reporter-output>
          </reporter-output>
        </test-method> <!-- Communicatiecattc -->
        <test-method is-config="true" signature="getResult(org.testng.ITestResult)[pri:0, instance:regressionTestCases.TrndrRegTCs@305b7c14]" started-at="2019-11-18T14:31:19Z" name="getResult" finished-at="2019-11-18T14:31:19Z" duration-ms="0" status="PASS">
          <params>
            <param index="0">
              <value>
                <![CDATA[[TestResult name=Communicatiecattc status=SUCCESS method=TrndrRegTCs.Communicatiecattc()[pri:61, instance:regressionTestCases.TrndrRegTCs@305b7c14] output={null}]]]>
              </value>
            </param>
          </params>
          <reporter-output>
          </reporter-output>
        </test-method> <!-- getResult -->
        <test-method signature="CommunicatieR1L1screen()[pri:62, instance:regressionTestCases.TrndrRegTCs@305b7c14]" started-at="2019-11-18T14:31:19Z" name="CommunicatieR1L1screen" finished-at="2019-11-18T14:31:30Z" duration-ms="10776" status="PASS">
          <reporter-output>
          </reporter-output>
        </test-method> <!-- CommunicatieR1L1screen -->
        <test-method is-config="true" signature="getResult(org.testng.ITestResult)[pri:0, instance:regressionTestCases.TrndrRegTCs@305b7c14]" started-at="2019-11-18T14:31:30Z" name="getResult" finished-at="2019-11-18T14:31:30Z" duration-ms="0" status="PASS">
          <params>
            <param index="0">
              <value>
                <![CDATA[[TestResult name=CommunicatieR1L1screen status=SUCCESS method=TrndrRegTCs.CommunicatieR1L1screen()[pri:62, instance:regressionTestCases.TrndrRegTCs@305b7c14] output={null}]]]>
              </value>
            </param>
          </params>
          <reporter-output>
          </reporter-output>
        </test-method> <!-- getResult -->
        <test-method signature="CommunicatieR1L2screen()[pri:63, instance:regressionTestCases.TrndrRegTCs@305b7c14]" started-at="2019-11-18T14:31:30Z" name="CommunicatieR1L2screen" finished-at="2019-11-18T14:31:32Z" duration-ms="2327" status="PASS">
          <reporter-output>
          </reporter-output>
        </test-method> <!-- CommunicatieR1L2screen -->
        <test-method is-config="true" signature="getResult(org.testng.ITestResult)[pri:0, instance:regressionTestCases.TrndrRegTCs@305b7c14]" started-at="2019-11-18T14:31:32Z" name="getResult" finished-at="2019-11-18T14:31:32Z" duration-ms="1" status="PASS">
          <params>
            <param index="0">
              <value>
                <![CDATA[[TestResult name=CommunicatieR1L2screen status=SUCCESS method=TrndrRegTCs.CommunicatieR1L2screen()[pri:63, instance:regressionTestCases.TrndrRegTCs@305b7c14] output={null}]]]>
              </value>
            </param>
          </params>
          <reporter-output>
          </reporter-output>
        </test-method> <!-- getResult -->
        <test-method signature="CommunicatieR1L3screen()[pri:64, instance:regressionTestCases.TrndrRegTCs@305b7c14]" started-at="2019-11-18T14:31:32Z" name="CommunicatieR1L3screen" finished-at="2019-11-18T14:31:33Z" duration-ms="933" status="PASS">
          <reporter-output>
          </reporter-output>
        </test-method> <!-- CommunicatieR1L3screen -->
        <test-method is-config="true" signature="getResult(org.testng.ITestResult)[pri:0, instance:regressionTestCases.TrndrRegTCs@305b7c14]" started-at="2019-11-18T14:31:33Z" name="getResult" finished-at="2019-11-18T14:31:33Z" duration-ms="0" status="PASS">
          <params>
            <param index="0">
              <value>
                <![CDATA[[TestResult name=CommunicatieR1L3screen status=SUCCESS method=TrndrRegTCs.CommunicatieR1L3screen()[pri:64, instance:regressionTestCases.TrndrRegTCs@305b7c14] output={null}]]]>
              </value>
            </param>
          </params>
          <reporter-output>
          </reporter-output>
        </test-method> <!-- getResult -->
        <test-method signature="CommunicatieR1L4screen()[pri:65, instance:regressionTestCases.TrndrRegTCs@305b7c14]" started-at="2019-11-18T14:31:33Z" name="CommunicatieR1L4screen" finished-at="2019-11-18T14:31:33Z" duration-ms="615" status="PASS">
          <reporter-output>
          </reporter-output>
        </test-method> <!-- CommunicatieR1L4screen -->
        <test-method is-config="true" signature="getResult(org.testng.ITestResult)[pri:0, instance:regressionTestCases.TrndrRegTCs@305b7c14]" started-at="2019-11-18T14:31:33Z" name="getResult" finished-at="2019-11-18T14:31:34Z" duration-ms="1" status="PASS">
          <params>
            <param index="0">
              <value>
                <![CDATA[[TestResult name=CommunicatieR1L4screen status=SUCCESS method=TrndrRegTCs.CommunicatieR1L4screen()[pri:65, instance:regressionTestCases.TrndrRegTCs@305b7c14] output={null}]]]>
              </value>
            </param>
          </params>
          <reporter-output>
          </reporter-output>
        </test-method> <!-- getResult -->
        <test-method signature="CommunicatieR2screen()[pri:66, instance:regressionTestCases.TrndrRegTCs@305b7c14]" started-at="2019-11-18T14:31:34Z" name="CommunicatieR2screen" finished-at="2019-11-18T14:31:34Z" duration-ms="724" status="PASS">
          <reporter-output>
          </reporter-output>
        </test-method> <!-- CommunicatieR2screen -->
        <test-method is-config="true" signature="getResult(org.testng.ITestResult)[pri:0, instance:regressionTestCases.TrndrRegTCs@305b7c14]" started-at="2019-11-18T14:31:34Z" name="getResult" finished-at="2019-11-18T14:31:34Z" duration-ms="0" status="PASS">
          <params>
            <param index="0">
              <value>
                <![CDATA[[TestResult name=CommunicatieR2screen status=SUCCESS method=TrndrRegTCs.CommunicatieR2screen()[pri:66, instance:regressionTestCases.TrndrRegTCs@305b7c14] output={null}]]]>
              </value>
            </param>
          </params>
          <reporter-output>
          </reporter-output>
        </test-method> <!-- getResult -->
        <test-method signature="CommunicatieR2L1screen()[pri:67, instance:regressionTestCases.TrndrRegTCs@305b7c14]" started-at="2019-11-18T14:31:34Z" name="CommunicatieR2L1screen" finished-at="2019-11-18T14:31:44Z" duration-ms="10223" status="PASS">
          <reporter-output>
          </reporter-output>
        </test-method> <!-- CommunicatieR2L1screen -->
        <test-method is-config="true" signature="getResult(org.testng.ITestResult)[pri:0, instance:regressionTestCases.TrndrRegTCs@305b7c14]" started-at="2019-11-18T14:31:44Z" name="getResult" finished-at="2019-11-18T14:31:44Z" duration-ms="1" status="PASS">
          <params>
            <param index="0">
              <value>
                <![CDATA[[TestResult name=CommunicatieR2L1screen status=SUCCESS method=TrndrRegTCs.CommunicatieR2L1screen()[pri:67, instance:regressionTestCases.TrndrRegTCs@305b7c14] output={null}]]]>
              </value>
            </param>
          </params>
          <reporter-output>
          </reporter-output>
        </test-method> <!-- getResult -->
        <test-method signature="CommunicatieR2L2screen()[pri:68, instance:regressionTestCases.TrndrRegTCs@305b7c14]" started-at="2019-11-18T14:31:44Z" name="CommunicatieR2L2screen" finished-at="2019-11-18T14:31:47Z" duration-ms="2375" status="PASS">
          <reporter-output>
          </reporter-output>
        </test-method> <!-- CommunicatieR2L2screen -->
        <test-method is-config="true" signature="getResult(org.testng.ITestResult)[pri:0, instance:regressionTestCases.TrndrRegTCs@305b7c14]" started-at="2019-11-18T14:31:47Z" name="getResult" finished-at="2019-11-18T14:31:47Z" duration-ms="0" status="PASS">
          <params>
            <param index="0">
              <value>
                <![CDATA[[TestResult name=CommunicatieR2L2screen status=SUCCESS method=TrndrRegTCs.CommunicatieR2L2screen()[pri:68, instance:regressionTestCases.TrndrRegTCs@305b7c14] output={null}]]]>
              </value>
            </param>
          </params>
          <reporter-output>
          </reporter-output>
        </test-method> <!-- getResult -->
        <test-method signature="CommunicatieR2L3screen()[pri:69, instance:regressionTestCases.TrndrRegTCs@305b7c14]" started-at="2019-11-18T14:31:47Z" name="CommunicatieR2L3screen" finished-at="2019-11-18T14:31:48Z" duration-ms="993" status="PASS">
          <reporter-output>
          </reporter-output>
        </test-method> <!-- CommunicatieR2L3screen -->
        <test-method is-config="true" signature="getResult(org.testng.ITestResult)[pri:0, instance:regressionTestCases.TrndrRegTCs@305b7c14]" started-at="2019-11-18T14:31:48Z" name="getResult" finished-at="2019-11-18T14:31:48Z" duration-ms="0" status="PASS">
          <params>
            <param index="0">
              <value>
                <![CDATA[[TestResult name=CommunicatieR2L3screen status=SUCCESS method=TrndrRegTCs.CommunicatieR2L3screen()[pri:69, instance:regressionTestCases.TrndrRegTCs@305b7c14] output={null}]]]>
              </value>
            </param>
          </params>
          <reporter-output>
          </reporter-output>
        </test-method> <!-- getResult -->
        <test-method signature="CommunicatieR2L4screen()[pri:70, instance:regressionTestCases.TrndrRegTCs@305b7c14]" started-at="2019-11-18T14:31:48Z" name="CommunicatieR2L4screen" finished-at="2019-11-18T14:31:49Z" duration-ms="781" status="PASS">
          <reporter-output>
          </reporter-output>
        </test-method> <!-- CommunicatieR2L4screen -->
        <test-method is-config="true" signature="getResult(org.testng.ITestResult)[pri:0, instance:regressionTestCases.TrndrRegTCs@305b7c14]" started-at="2019-11-18T14:31:49Z" name="getResult" finished-at="2019-11-18T14:31:49Z" duration-ms="1" status="PASS">
          <params>
            <param index="0">
              <value>
                <![CDATA[[TestResult name=CommunicatieR2L4screen status=SUCCESS method=TrndrRegTCs.CommunicatieR2L4screen()[pri:70, instance:regressionTestCases.TrndrRegTCs@305b7c14] output={null}]]]>
              </value>
            </param>
          </params>
          <reporter-output>
          </reporter-output>
        </test-method> <!-- getResult -->
        <test-method signature="CommunicatieR3screen()[pri:71, instance:regressionTestCases.TrndrRegTCs@305b7c14]" started-at="2019-11-18T14:31:49Z" name="CommunicatieR3screen" finished-at="2019-11-18T14:31:49Z" duration-ms="657" status="PASS">
          <reporter-output>
          </reporter-output>
        </test-method> <!-- CommunicatieR3screen -->
        <test-method is-config="true" signature="getResult(org.testng.ITestResult)[pri:0, instance:regressionTestCases.TrndrRegTCs@305b7c14]" started-at="2019-11-18T14:31:49Z" name="getResult" finished-at="2019-11-18T14:31:49Z" duration-ms="0" status="PASS">
          <params>
            <param index="0">
              <value>
                <![CDATA[[TestResult name=CommunicatieR3screen status=SUCCESS method=TrndrRegTCs.CommunicatieR3screen()[pri:71, instance:regressionTestCases.TrndrRegTCs@305b7c14] output={null}]]]>
              </value>
            </param>
          </params>
          <reporter-output>
          </reporter-output>
        </test-method> <!-- getResult -->
        <test-method signature="CommunicatieR3L1screen()[pri:72, instance:regressionTestCases.TrndrRegTCs@305b7c14]" started-at="2019-11-18T14:31:49Z" name="CommunicatieR3L1screen" finished-at="2019-11-18T14:31:59Z" duration-ms="10189" status="PASS">
          <reporter-output>
          </reporter-output>
        </test-method> <!-- CommunicatieR3L1screen -->
        <test-method is-config="true" signature="getResult(org.testng.ITestResult)[pri:0, instance:regressionTestCases.TrndrRegTCs@305b7c14]" started-at="2019-11-18T14:31:59Z" name="getResult" finished-at="2019-11-18T14:31:59Z" duration-ms="1" status="PASS">
          <params>
            <param index="0">
              <value>
                <![CDATA[[TestResult name=CommunicatieR3L1screen status=SUCCESS method=TrndrRegTCs.CommunicatieR3L1screen()[pri:72, instance:regressionTestCases.TrndrRegTCs@305b7c14] output={null}]]]>
              </value>
            </param>
          </params>
          <reporter-output>
          </reporter-output>
        </test-method> <!-- getResult -->
        <test-method signature="CommunicatieR3L2screen()[pri:73, instance:regressionTestCases.TrndrRegTCs@305b7c14]" started-at="2019-11-18T14:31:59Z" name="CommunicatieR3L2screen" finished-at="2019-11-18T14:32:02Z" duration-ms="2441" status="PASS">
          <reporter-output>
          </reporter-output>
        </test-method> <!-- CommunicatieR3L2screen -->
        <test-method is-config="true" signature="getResult(org.testng.ITestResult)[pri:0, instance:regressionTestCases.TrndrRegTCs@305b7c14]" started-at="2019-11-18T14:32:02Z" name="getResult" finished-at="2019-11-18T14:32:02Z" duration-ms="0" status="PASS">
          <params>
            <param index="0">
              <value>
                <![CDATA[[TestResult name=CommunicatieR3L2screen status=SUCCESS method=TrndrRegTCs.CommunicatieR3L2screen()[pri:73, instance:regressionTestCases.TrndrRegTCs@305b7c14] output={null}]]]>
              </value>
            </param>
          </params>
          <reporter-output>
          </reporter-output>
        </test-method> <!-- getResult -->
        <test-method signature="CommunicatieR3L3screen()[pri:74, instance:regressionTestCases.TrndrRegTCs@305b7c14]" started-at="2019-11-18T14:32:02Z" name="CommunicatieR3L3screen" finished-at="2019-11-18T14:32:03Z" duration-ms="968" status="PASS">
          <reporter-output>
          </reporter-output>
        </test-method> <!-- CommunicatieR3L3screen -->
        <test-method is-config="true" signature="getResult(org.testng.ITestResult)[pri:0, instance:regressionTestCases.TrndrRegTCs@305b7c14]" started-at="2019-11-18T14:32:03Z" name="getResult" finished-at="2019-11-18T14:32:03Z" duration-ms="0" status="PASS">
          <params>
            <param index="0">
              <value>
                <![CDATA[[TestResult name=CommunicatieR3L3screen status=SUCCESS method=TrndrRegTCs.CommunicatieR3L3screen()[pri:74, instance:regressionTestCases.TrndrRegTCs@305b7c14] output={null}]]]>
              </value>
            </param>
          </params>
          <reporter-output>
          </reporter-output>
        </test-method> <!-- getResult -->
        <test-method signature="CommunicatieR3L4screen()[pri:75, instance:regressionTestCases.TrndrRegTCs@305b7c14]" started-at="2019-11-18T14:32:03Z" name="CommunicatieR3L4screen" finished-at="2019-11-18T14:32:04Z" duration-ms="742" status="PASS">
          <reporter-output>
          </reporter-output>
        </test-method> <!-- CommunicatieR3L4screen -->
        <test-method is-config="true" signature="getResult(org.testng.ITestResult)[pri:0, instance:regressionTestCases.TrndrRegTCs@305b7c14]" started-at="2019-11-18T14:32:04Z" name="getResult" finished-at="2019-11-18T14:32:04Z" duration-ms="1" status="PASS">
          <params>
            <param index="0">
              <value>
                <![CDATA[[TestResult name=CommunicatieR3L4screen status=SUCCESS method=TrndrRegTCs.CommunicatieR3L4screen()[pri:75, instance:regressionTestCases.TrndrRegTCs@305b7c14] output={null}]]]>
              </value>
            </param>
          </params>
          <reporter-output>
          </reporter-output>
        </test-method> <!-- getResult -->
        <test-method signature="CommunicatieR4screen()[pri:76, instance:regressionTestCases.TrndrRegTCs@305b7c14]" started-at="2019-11-18T14:32:04Z" name="CommunicatieR4screen" finished-at="2019-11-18T14:32:04Z" duration-ms="643" status="PASS">
          <reporter-output>
          </reporter-output>
        </test-method> <!-- CommunicatieR4screen -->
        <test-method is-config="true" signature="getResult(org.testng.ITestResult)[pri:0, instance:regressionTestCases.TrndrRegTCs@305b7c14]" started-at="2019-11-18T14:32:04Z" name="getResult" finished-at="2019-11-18T14:32:04Z" duration-ms="0" status="PASS">
          <params>
            <param index="0">
              <value>
                <![CDATA[[TestResult name=CommunicatieR4screen status=SUCCESS method=TrndrRegTCs.CommunicatieR4screen()[pri:76, instance:regressionTestCases.TrndrRegTCs@305b7c14] output={null}]]]>
              </value>
            </param>
          </params>
          <reporter-output>
          </reporter-output>
        </test-method> <!-- getResult -->
        <test-method signature="CommunicatieR4L1screen()[pri:77, instance:regressionTestCases.TrndrRegTCs@305b7c14]" started-at="2019-11-18T14:32:04Z" name="CommunicatieR4L1screen" finished-at="2019-11-18T14:32:14Z" duration-ms="10139" status="PASS">
          <reporter-output>
[...]
              </value>
            </param>
          </params>
          <reporter-output>
          </reporter-output>
        </test-method> <!-- getResult -->
        <test-method signature="SocialDomeinR3screen()[pri:322, instance:regressionTestCases.TrndrRegTCs@305b7c14]" started-at="2019-11-18T14:44:04Z" name="SocialDomeinR3screen" finished-at="2019-11-18T14:44:05Z" duration-ms="699" status="PASS">
          <reporter-output>
          </reporter-output>
        </test-method> <!-- SocialDomeinR3screen -->
        <test-method signature="SocialDomeinR3L1screen()[pri:323, instance:regressionTestCases.TrndrRegTCs@305b7c14]" started-at="2019-11-18T14:44:05Z" name="SocialDomeinR3L1screen" finished-at="2019-11-18T14:44:15Z" duration-ms="10113" status="PASS">
          <reporter-output>
          </reporter-output>
        </test-method> <!-- SocialDomeinR3L1screen -->
        <test-method is-config="true" signature="getResult(org.testng.ITestResult)[pri:0, instance:regressionTestCases.TrndrRegTCs@305b7c14]" started-at="2019-11-18T14:44:05Z" name="getResult" finished-at="2019-11-18T14:44:05Z" duration-ms="0" status="PASS">
          <params>
            <param index="0">
              <value>
                <![CDATA[[TestResult name=SocialDomeinR3screen status=SUCCESS method=TrndrRegTCs.SocialDomeinR3screen()[pri:322, instance:regressionTestCases.TrndrRegTCs@305b7c14] output={null}]]]>
              </value>
            </param>
          </params>
          <reporter-output>
          </reporter-output>
        </test-method> <!-- getResult -->
        <test-method is-config="true" signature="getResult(org.testng.ITestResult)[pri:0, instance:regressionTestCases.TrndrRegTCs@305b7c14]" started-at="2019-11-18T14:44:15Z" name="getResult" finished-at="2019-11-18T14:44:15Z" duration-ms="1" status="PASS">
          <params>
            <param index="0">
              <value>
                <![CDATA[[TestResult name=SocialDomeinR3L1screen status=SUCCESS method=TrndrRegTCs.SocialDomeinR3L1screen()[pri:323, instance:regressionTestCases.TrndrRegTCs@305b7c14] output={null}]]]>
              </value>
            </param>
          </params>
          <reporter-output>
          </reporter-output>
        </test-method> <!-- getResult -->
        <test-method signature="SocialDomeinR3L2screen()[pri:324, instance:regressionTestCases.TrndrRegTCs@305b7c14]" started-at="2019-11-18T14:44:15Z" name="SocialDomeinR3L2screen" finished-at="2019-11-18T14:44:18Z" duration-ms="2333" status="PASS">
          <reporter-output>
          </reporter-output>
        </test-method> <!-- SocialDomeinR3L2screen -->
        <test-method is-config="true" signature="getResult(org.testng.ITestResult)[pri:0, instance:regressionTestCases.TrndrRegTCs@305b7c14]" started-at="2019-11-18T14:44:18Z" name="getResult" finished-at="2019-11-18T14:44:18Z" duration-ms="1" status="PASS">
          <params>
            <param index="0">
              <value>
                <![CDATA[[TestResult name=SocialDomeinR3L2screen status=SUCCESS method=TrndrRegTCs.SocialDomeinR3L2screen()[pri:324, instance:regressionTestCases.TrndrRegTCs@305b7c14] output={null}]]]>
              </value>
            </param>
          </params>
          <reporter-output>
          </reporter-output>
        </test-method> <!-- getResult -->
        <test-method signature="SocialDomeinR3L3screen()[pri:325, instance:regressionTestCases.TrndrRegTCs@305b7c14]" started-at="2019-11-18T14:44:18Z" name="SocialDomeinR3L3screen" finished-at="2019-11-18T14:44:18Z" duration-ms="938" status="PASS">
          <reporter-output>
          </reporter-output>
        </test-method> <!-- SocialDomeinR3L3screen -->
        <test-method signature="SocialDomeinR3L4screen()[pri:326, instance:regressionTestCases.TrndrRegTCs@305b7c14]" started-at="2019-11-18T14:44:18Z" name="SocialDomeinR3L4screen" finished-at="2019-11-18T14:44:19Z" duration-ms="678" status="PASS">
          <reporter-output>
          </reporter-output>
        </test-method> <!-- SocialDomeinR3L4screen -->
        <test-method is-config="true" signature="getResult(org.testng.ITestResult)[pri:0, instance:regressionTestCases.TrndrRegTCs@305b7c14]" started-at="2019-11-18T14:44:18Z" name="getResult" finished-at="2019-11-18T14:44:18Z" duration-ms="0" status="PASS">
          <params>
            <param index="0">
              <value>
                <![CDATA[[TestResult name=SocialDomeinR3L3screen status=SUCCESS method=TrndrRegTCs.SocialDomeinR3L3screen()[pri:325, instance:regressionTestCases.TrndrRegTCs@305b7c14] output={null}]]]>
              </value>
            </param>
          </params>
          <reporter-output>
          </reporter-output>
        </test-method> <!-- getResult -->
        <test-method is-config="true" signature="getResult(org.testng.ITestResult)[pri:0, instance:regressionTestCases.TrndrRegTCs@305b7c14]" started-at="2019-11-18T14:44:19Z" name="getResult" finished-at="2019-11-18T14:44:19Z" duration-ms="0" status="PASS">
          <params>
            <param index="0">
              <value>
                <![CDATA[[TestResult name=SocialDomeinR3L4screen status=SUCCESS method=TrndrRegTCs.SocialDomeinR3L4screen()[pri:326, instance:regressionTestCases.TrndrRegTCs@305b7c14] output={null}]]]>
              </value>
            </param>
          </params>
          <reporter-output>
          </reporter-output>
        </test-method> <!-- getResult -->
        <test-method signature="SocialDomeinR4screen()[pri:327, instance:regressionTestCases.TrndrRegTCs@305b7c14]" started-at="2019-11-18T14:44:19Z" name="SocialDomeinR4screen" finished-at="2019-11-18T14:44:20Z" duration-ms="600" status="PASS">
          <reporter-output>
          </reporter-output>
        </test-method> <!-- SocialDomeinR4screen -->
        <test-method signature="SocialDomeinR4L1screen()[pri:328, instance:regressionTestCases.TrndrRegTCs@305b7c14]" started-at="2019-11-18T14:44:20Z" name="SocialDomeinR4L1screen" finished-at="2019-11-18T14:44:30Z" duration-ms="10094" status="PASS">
          <reporter-output>
          </reporter-output>
        </test-method> <!-- SocialDomeinR4L1screen -->
        <test-method is-config="true" signature="getResult(org.testng.ITestResult)[pri:0, instance:regressionTestCases.TrndrRegTCs@305b7c14]" started-at="2019-11-18T14:44:20Z" name="getResult" finished-at="2019-11-18T14:44:20Z" duration-ms="0" status="PASS">
          <params>
            <param index="0">
              <value>
                <![CDATA[[TestResult name=SocialDomeinR4screen status=SUCCESS method=TrndrRegTCs.SocialDomeinR4screen()[pri:327, instance:regressionTestCases.TrndrRegTCs@305b7c14] output={null}]]]>
              </value>
            </param>
          </params>
          <reporter-output>
          </reporter-output>
        </test-method> <!-- getResult -->
        <test-method signature="SocialDomeinR4L2screen()[pri:329, instance:regressionTestCases.TrndrRegTCs@305b7c14]" started-at="2019-11-18T14:44:30Z" name="SocialDomeinR4L2screen" finished-at="2019-11-18T14:44:33Z" duration-ms="2821" status="PASS">
          <reporter-output>
          </reporter-output>
        </test-method> <!-- SocialDomeinR4L2screen -->
        <test-method is-config="true" signature="getResult(org.testng.ITestResult)[pri:0, instance:regressionTestCases.TrndrRegTCs@305b7c14]" started-at="2019-11-18T14:44:30Z" name="getResult" finished-at="2019-11-18T14:44:30Z" duration-ms="0" status="PASS">
          <params>
            <param index="0">
              <value>
                <![CDATA[[TestResult name=SocialDomeinR4L1screen status=SUCCESS method=TrndrRegTCs.SocialDomeinR4L1screen()[pri:328, instance:regressionTestCases.TrndrRegTCs@305b7c14] output={null}]]]>
              </value>
            </param>
          </params>
          <reporter-output>
          </reporter-output>
        </test-method> <!-- getResult -->
        <test-method is-config="true" signature="getResult(org.testng.ITestResult)[pri:0, instance:regressionTestCases.TrndrRegTCs@305b7c14]" started-at="2019-11-18T14:44:33Z" name="getResult" finished-at="2019-11-18T14:44:33Z" duration-ms="1" status="PASS">
          <params>
            <param index="0">
              <value>
                <![CDATA[[TestResult name=SocialDomeinR4L2screen status=SUCCESS method=TrndrRegTCs.SocialDomeinR4L2screen()[pri:329, instance:regressionTestCases.TrndrRegTCs@305b7c14] output={null}]]]>
              </value>
            </param>
          </params>
          <reporter-output>
          </reporter-output>
        </test-method> <!-- getResult -->
        <test-method signature="SocialDomeinR4L3screen()[pri:330, instance:regressionTestCases.TrndrRegTCs@305b7c14]" started-at="2019-11-18T14:44:33Z" name="SocialDomeinR4L3screen" finished-at="2019-11-18T14:44:34Z" duration-ms="1426" status="PASS">
          <reporter-output>
          </reporter-output>
        </test-method> <!-- SocialDomeinR4L3screen -->
        <test-method signature="SocialDomeinR4L4screen()[pri:331, instance:regressionTestCases.TrndrRegTCs@305b7c14]" started-at="2019-11-18T14:44:34Z" name="SocialDomeinR4L4screen" finished-at="2019-11-18T14:44:35Z" duration-ms="1015" status="PASS">
          <reporter-output>
          </reporter-output>
        </test-method> <!-- SocialDomeinR4L4screen -->
        <test-method is-config="true" signature="getResult(org.testng.ITestResult)[pri:0, instance:regressionTestCases.TrndrRegTCs@305b7c14]" started-at="2019-11-18T14:44:34Z" name="getResult" finished-at="2019-11-18T14:44:34Z" duration-ms="0" status="PASS">
          <params>
            <param index="0">
              <value>
                <![CDATA[[TestResult name=SocialDomeinR4L3screen status=SUCCESS method=TrndrRegTCs.SocialDomeinR4L3screen()[pri:330, instance:regressionTestCases.TrndrRegTCs@305b7c14] output={null}]]]>
              </value>
            </param>
          </params>
          <reporter-output>
          </reporter-output>
        </test-method> <!-- getResult -->
        <test-method is-config="true" signature="getResult(org.testng.ITestResult)[pri:0, instance:regressionTestCases.TrndrRegTCs@305b7c14]" started-at="2019-11-18T14:44:35Z" name="getResult" finished-at="2019-11-18T14:44:35Z" duration-ms="1" status="PASS">
          <params>
            <param index="0">
              <value>
                <![CDATA[[TestResult name=SocialDomeinR4L4screen status=SUCCESS method=TrndrRegTCs.SocialDomeinR4L4screen()[pri:331, instance:regressionTestCases.TrndrRegTCs@305b7c14] output={null}]]]>
              </value>
            </param>
          </params>
          <reporter-output>
          </reporter-output>
        </test-method> <!-- getResult -->
        <test-method signature="SocialDomeinR5screen()[pri:332, instance:regressionTestCases.TrndrRegTCs@305b7c14]" started-at="2019-11-18T14:44:35Z" name="SocialDomeinR5screen" finished-at="2019-11-18T14:44:36Z" duration-ms="639" status="PASS">
          <reporter-output>
          </reporter-output>
        </test-method> <!-- SocialDomeinR5screen -->
        <test-method signature="SocialDomeinR5L1screen()[pri:333, instance:regressionTestCases.TrndrRegTCs@305b7c14]" started-at="2019-11-18T14:44:36Z" name="SocialDomeinR5L1screen" finished-at="2019-11-18T14:44:46Z" duration-ms="10336" status="PASS">
          <reporter-output>
          </reporter-output>
        </test-method> <!-- SocialDomeinR5L1screen -->
        <test-method is-config="true" signature="getResult(org.testng.ITestResult)[pri:0, instance:regressionTestCases.TrndrRegTCs@305b7c14]" started-at="2019-11-18T14:44:36Z" name="getResult" finished-at="2019-11-18T14:44:36Z" duration-ms="0" status="PASS">
          <params>
            <param index="0">
              <value>
                <![CDATA[[TestResult name=SocialDomeinR5screen status=SUCCESS method=TrndrRegTCs.SocialDomeinR5screen()[pri:332, instance:regressionTestCases.TrndrRegTCs@305b7c14] output={null}]]]>
              </value>
            </param>
          </params>
          <reporter-output>
          </reporter-output>
        </test-method> <!-- getResult -->
        <test-method signature="SocialDomeinR5L2screen()[pri:334, instance:regressionTestCases.TrndrRegTCs@305b7c14]" started-at="2019-11-18T14:44:46Z" name="SocialDomeinR5L2screen" finished-at="2019-11-18T14:44:49Z" duration-ms="3005" status="PASS">
          <reporter-output>
          </reporter-output>
        </test-method> <!-- SocialDomeinR5L2screen -->
        <test-method is-config="true" signature="getResult(org.testng.ITestResult)[pri:0, instance:regressionTestCases.TrndrRegTCs@305b7c14]" started-at="2019-11-18T14:44:46Z" name="getResult" finished-at="2019-11-18T14:44:46Z" duration-ms="0" status="PASS">
          <params>
            <param index="0">
              <value>
                <![CDATA[[TestResult name=SocialDomeinR5L1screen status=SUCCESS method=TrndrRegTCs.SocialDomeinR5L1screen()[pri:333, instance:regressionTestCases.TrndrRegTCs@305b7c14] output={null}]]]>
              </value>
            </param>
          </params>
          <reporter-output>
          </reporter-output>
        </test-method> <!-- getResult -->
        <test-method is-config="true" signature="getResult(org.testng.ITestResult)[pri:0, instance:regressionTestCases.TrndrRegTCs@305b7c14]" started-at="2019-11-18T14:44:49Z" name="getResult" finished-at="2019-11-18T14:44:49Z" duration-ms="0" status="PASS">
          <params>
            <param index="0">
              <value>
                <![CDATA[[TestResult name=SocialDomeinR5L2screen status=SUCCESS method=TrndrRegTCs.SocialDomeinR5L2screen()[pri:334, instance:regressionTestCases.TrndrRegTCs@305b7c14] output={null}]]]>
              </value>
            </param>
          </params>
          <reporter-output>
          </reporter-output>
        </test-method> <!-- getResult -->
        <test-method signature="SocialDomeinR5L3screen()[pri:335, instance:regressionTestCases.TrndrRegTCs@305b7c14]" started-at="2019-11-18T14:44:49Z" name="SocialDomeinR5L3screen" finished-at="2019-11-18T14:44:51Z" duration-ms="1463" status="PASS">
          <reporter-output>
          </reporter-output>
        </test-method> <!-- SocialDomeinR5L3screen -->
        <test-method is-config="true" signature="getResult(org.testng.ITestResult)[pri:0, instance:regressionTestCases.TrndrRegTCs@305b7c14]" started-at="2019-11-18T14:44:51Z" name="getResult" finished-at="2019-11-18T14:44:51Z" duration-ms="1" status="PASS">
          <params>
            <param index="0">
              <value>
                <![CDATA[[TestResult name=SocialDomeinR5L3screen status=SUCCESS method=TrndrRegTCs.SocialDomeinR5L3screen()[pri:335, instance:regressionTestCases.TrndrRegTCs@305b7c14] output={null}]]]>
              </value>
            </param>
          </params>
          <reporter-output>
          </reporter-output>
        </test-method> <!-- getResult -->
        <test-method signature="SocialDomeinR5L4screen()[pri:336, instance:regressionTestCases.TrndrRegTCs@305b7c14]" started-at="2019-11-18T14:44:51Z" name="SocialDomeinR5L4screen" finished-at="2019-11-18T14:44:52Z" duration-ms="1107" status="PASS">
          <reporter-output>
          </reporter-output>
        </test-method> <!-- SocialDomeinR5L4screen -->
        <test-method is-config="true" signature="getResult(org.testng.ITestResult)[pri:0, instance:regressionTestCases.TrndrRegTCs@305b7c14]" started-at="2019-11-18T14:44:52Z" name="getResult" finished-at="2019-11-18T14:44:52Z" duration-ms="0" status="PASS">
          <params>
            <param index="0">
              <value>
                <![CDATA[[TestResult name=SocialDomeinR5L4screen status=SUCCESS method=TrndrRegTCs.SocialDomeinR5L4screen()[pri:336, instance:regressionTestCases.TrndrRegTCs@305b7c14] output={null}]]]>
              </value>
            </param>
          </params>
          <reporter-output>
          </reporter-output>
        </test-method> <!-- getResult -->
        <test-method signature="SocialDomeinMedalscreen()[pri:337, instance:regressionTestCases.TrndrRegTCs@305b7c14]" started-at="2019-11-18T14:44:52Z" name="SocialDomeinMedalscreen" finished-at="2019-11-18T14:44:53Z" duration-ms="1074" status="PASS">
          <reporter-output>
          </reporter-output>
        </test-method> <!-- SocialDomeinMedalscreen -->
        <test-method is-config="true" signature="getResult(org.testng.ITestResult)[pri:0, instance:regressionTestCases.TrndrRegTCs@305b7c14]" started-at="2019-11-18T14:44:53Z" name="getResult" finished-at="2019-11-18T14:44:53Z" duration-ms="0" status="PASS">
          <params>
            <param index="0">
              <value>
                <![CDATA[[TestResult name=SocialDomeinMedalscreen status=SUCCESS method=TrndrRegTCs.SocialDomeinMedalscreen()[pri:337, instance:regressionTestCases.TrndrRegTCs@305b7c14] output={null}]]]>
              </value>
            </param>
          </params>
          <reporter-output>
          </reporter-output>
        </test-method> <!-- getResult -->
        <test-method signature="SocialDomeinAccountscreen()[pri:338, instance:regressionTestCases.TrndrRegTCs@305b7c14]" started-at="2019-11-18T14:44:53Z" name="SocialDomeinAccountscreen" finished-at="2019-11-18T14:44:53Z" duration-ms="320" status="PASS">
          <reporter-output>
          </reporter-output>
        </test-method> <!-- SocialDomeinAccountscreen -->
        <test-method is-config="true" signature="getResult(org.testng.ITestResult)[pri:0, instance:regressionTestCases.TrndrRegTCs@305b7c14]" started-at="2019-11-18T14:44:53Z" name="getResult" finished-at="2019-11-18T14:44:53Z" duration-ms="1" status="PASS">
          <params>
            <param index="0">
              <value>
                <![CDATA[[TestResult name=SocialDomeinAccountscreen status=SUCCESS method=TrndrRegTCs.SocialDomeinAccountscreen()[pri:338, instance:regressionTestCases.TrndrRegTCs@305b7c14] output={null}]]]>
              </value>
            </param>
          </params>
          <reporter-output>
          </reporter-output>
        </test-method> <!-- getResult -->
        <test-method signature="SocialDomeinCategoryiconNL()[pri:339, instance:regressionTestCases.TrndrRegTCs@305b7c14]" started-at="2019-11-18T14:44:53Z" name="SocialDomeinCategoryiconNL" finished-at="2019-11-18T14:44:54Z" duration-ms="712" status="PASS">
          <reporter-output>
          </reporter-output>
        </test-method> <!-- SocialDomeinCategoryiconNL -->
        <test-method is-config="true" signature="getResult(org.testng.ITestResult)[pri:0, instance:regressionTestCases.TrndrRegTCs@305b7c14]" started-at="2019-11-18T14:44:54Z" name="getResult" finished-at="2019-11-18T14:44:54Z" duration-ms="1" status="PASS">
          <params>
            <param index="0">
              <value>
                <![CDATA[[TestResult name=SocialDomeinCategoryiconNL status=SUCCESS method=TrndrRegTCs.SocialDomeinCategoryiconNL()[pri:339, instance:regressionTestCases.TrndrRegTCs@305b7c14] output={null}]]]>
              </value>
            </param>
          </params>
          <reporter-output>
          </reporter-output>
        </test-method> <!-- getResult -->
        <test-method is-config="true" signature="endReport()[pri:0, instance:regressionTestCases.TrndrRegTCs@305b7c14]" started-at="2019-11-18T14:44:54Z" name="endReport" finished-at="2019-11-18T14:44:54Z" duration-ms="701" status="PASS">
          <reporter-output>
          </reporter-output>
        </test-method> <!-- endReport -->
      </class> <!-- regressionTestCases.TrndrRegTCs -->
    </test> <!-- Default test -->
  </suite> <!-- Default suite -->
</testng-results>
