<?xml version="1.0" encoding="UTF-8"?>
<!-- Generated by org.testng.reporters.JUnitXMLReporter -->
<testsuite ignored="0" hostname="UmaAshokPrabhu" failures="1" tests="340" name="prod test" time="556.253" errors="0" timestamp="26 Nov 2019 15:12:27 GMT">
  <testcase classname="regressionTestCases.TrndrRegTCs" name="@AfterMethod getResult" time="0.006">
    <failure type="org.openqa.selenium.NoSuchSessionException" message="Tried to run command without establishing a connection
Build info: version: &amp;apos;3.12.0&amp;apos;, revision: &amp;apos;7c6e0b3&amp;apos;, time: &amp;apos;2018-05-08T14:04:26.12Z&amp;apos;
System info: host: &amp;apos;UMAASHOKPRABHU&amp;apos;, ip: &amp;apos;192.168.1.45&amp;apos;, os.name: &amp;apos;Windows 10&amp;apos;, os.arch: &amp;apos;amd64&amp;apos;, os.version: &amp;apos;10.0&amp;apos;, java.version: &amp;apos;12.0.1&amp;apos;
Driver info: org.openqa.selenium.firefox.FirefoxDriver
Capabilities {acceptInsecureCerts: true, browserName: firefox, browserVersion: 70.0.1, javascriptEnabled: true, moz:accessibilityChecks: false, moz:buildID: 20191030021342, moz:geckodriverVersion: 0.26.0, moz:headless: false, moz:processID: 39960, moz:profile: C:\Users\UmaAshokPrabhu\App..., moz:shutdownTimeout: 60000, moz:useNonSpecCompliantPointerOrigin: false, moz:webdriverClick: true, pageLoadStrategy: normal, platform: WINDOWS, platformName: WINDOWS, platformVersion: 10.0, rotatable: false, setWindowRect: true, strictFileInteractability: false, timeouts: {implicit: 0, pageLoad: 300000, script: 30000}, unhandledPromptBehavior: dismiss and notify}
Session ID: 985e2a86-8d2e-4405-8de0-3b92e10c9588">
      <![CDATA[org.openqa.selenium.NoSuchSessionException: Tried to run command without establishing a connection
Build info: version: '3.12.0', revision: '7c6e0b3', time: '2018-05-08T14:04:26.12Z'
System info: host: 'UMAASHOKPRABHU', ip: '192.168.1.45', os.name: 'Windows 10', os.arch: 'amd64', os.version: '10.0', java.version: '12.0.1'
Driver info: org.openqa.selenium.firefox.FirefoxDriver
Capabilities {acceptInsecureCerts: true, browserName: firefox, browserVersion: 70.0.1, javascriptEnabled: true, moz:accessibilityChecks: false, moz:buildID: 20191030021342, moz:geckodriverVersion: 0.26.0, moz:headless: false, moz:processID: 39960, moz:profile: C:\Users\UmaAshokPrabhu\App..., moz:shutdownTimeout: 60000, moz:useNonSpecCompliantPointerOrigin: false, moz:webdriverClick: true, pageLoadStrategy: normal, platform: WINDOWS, platformName: WINDOWS, platformVersion: 10.0, rotatable: false, setWindowRect: true, strictFileInteractability: false, timeouts: {implicit: 0, pageLoad: 300000, script: 30000}, unhandledPromptBehavior: dismiss and notify}
Session ID: 985e2a86-8d2e-4405-8de0-3b92e10c9588
at org.openqa.selenium.remote.http.W3CHttpResponseCodec.createException(W3CHttpResponseCodec.java:187)
at org.openqa.selenium.remote.http.W3CHttpResponseCodec.decode(W3CHttpResponseCodec.java:122)
at org.openqa.selenium.remote.http.W3CHttpResponseCodec.decode(W3CHttpResponseCodec.java:49)
at org.openqa.selenium.remote.HttpCommandExecutor.execute(HttpCommandExecutor.java:158)
at org.openqa.selenium.remote.service.DriverCommandExecutor.execute(DriverCommandExecutor.java:83)
at org.openqa.selenium.remote.RemoteWebDriver.execute(RemoteWebDriver.java:543)
at org.openqa.selenium.remote.RemoteWebDriver.execute(RemoteWebDriver.java:600)
at org.openqa.selenium.remote.RemoteWebDriver.getScreenshotAs(RemoteWebDriver.java:289)
at trndrScreens.Screenreport.getScreenhot(Screenreport.java:49)
at regressionTestCases.TrndrRegTCs.getResult(TrndrRegTCs.java:136)
... Removed 36 stack frames]]>
    </failure>
  </testcase> <!-- @AfterMethod getResult -->
  <testcase classname="regressionTestCases.TrndrRegTCs" name="@AfterMethod getResult" time="0.0">
    <skipped/>
  </testcase> <!-- @AfterMethod getResult -->
  <testcase classname="regressionTestCases.TrndrRegTCs" name="@AfterMethod getResult" time="0.0">
    <skipped/>
  </testcase> <!-- @AfterMethod getResult -->
  <testcase classname="regressionTestCases.TrndrRegTCs" name="@AfterMethod getResult" time="0.0">
    <skipped/>
  </testcase> <!-- @AfterMethod getResult -->
  <testcase classname="regressionTestCases.TrndrRegTCs" name="@AfterMethod getResult" time="0.0">
    <skipped/>
  </testcase> <!-- @AfterMethod getResult -->
  <testcase classname="regressionTestCases.TrndrRegTCs" name="@AfterMethod getResult" time="0.0">
    <skipped/>
  </testcase> <!-- @AfterMethod getResult -->
  <testcase classname="regressionTestCases.TrndrRegTCs" name="@AfterMethod getResult" time="0.0">
    <skipped/>
  </testcase> <!-- @AfterMethod getResult -->
  <testcase classname="regressionTestCases.TrndrRegTCs" name="@AfterMethod getResult" time="0.0">
    <skipped/>
  </testcase> <!-- @AfterMethod getResult -->
  <testcase classname="regressionTestCases.TrndrRegTCs" name="@AfterMethod getResult" time="0.0">
    <skipped/>
  </testcase> <!-- @AfterMethod getResult -->
  <testcase classname="regressionTestCases.TrndrRegTCs" name="@AfterMethod getResult" time="0.0">
    <skipped/>
  </testcase> <!-- @AfterMethod getResult -->
  <testcase classname="regressionTestCases.TrndrRegTCs" name="@AfterMethod getResult" time="0.0">
    <skipped/>
  </testcase> <!-- @AfterMethod getResult -->
  <testcase classname="regressionTestCases.TrndrRegTCs" name="@AfterMethod getResult" time="0.0">
    <skipped/>
  </testcase> <!-- @AfterMethod getResult -->
  <testcase classname="regressionTestCases.TrndrRegTCs" name="@AfterMethod getResult" time="0.0">
    <skipped/>
  </testcase> <!-- @AfterMethod getResult -->
  <testcase classname="regressionTestCases.TrndrRegTCs" name="@AfterMethod getResult" time="0.0">
    <skipped/>
  </testcase> <!-- @AfterMethod getResult -->
  <testcase classname="regressionTestCases.TrndrRegTCs" name="@AfterMethod getResult" time="0.0">
    <skipped/>
  </testcase> <!-- @AfterMethod getResult -->
  <testcase classname="regressionTestCases.TrndrRegTCs" name="@AfterMethod getResult" time="0.0">
    <skipped/>
  </testcase> <!-- @AfterMethod getResult -->
  <testcase classname="regressionTestCases.TrndrRegTCs" name="@AfterMethod getResult" time="0.0">
    <skipped/>
  </testcase> <!-- @AfterMethod getResult -->
  <testcase classname="regressionTestCases.TrndrRegTCs" name="@AfterMethod getResult" time="0.0">
    <skipped/>
  </testcase> <!-- @AfterMethod getResult -->
  <testcase classname="regressionTestCases.TrndrRegTCs" name="@AfterMethod getResult" time="0.0">
    <skipped/>
  </testcase> <!-- @AfterMethod getResult -->
  <testcase classname="regressionTestCases.TrndrRegTCs" name="@AfterMethod getResult" time="0.0">
    <skipped/>
  </testcase> <!-- @AfterMethod getResult -->
  <testcase classname="regressionTestCases.TrndrRegTCs" name="@AfterMethod getResult" time="0.0">
    <skipped/>
  </testcase> <!-- @AfterMethod getResult -->
  <testcase classname="regressionTestCases.TrndrRegTCs" name="@AfterMethod getResult" time="0.0">
    <skipped/>
  </testcase> <!-- @AfterMethod getResult -->
  <testcase classname="regressionTestCases.TrndrRegTCs" name="@AfterMethod getResult" time="0.0">
    <skipped/>
  </testcase> <!-- @AfterMethod getResult -->
  <testcase classname="regressionTestCases.TrndrRegTCs" name="@AfterMethod getResult" time="0.0">
    <skipped/>
  </testcase> <!-- @AfterMethod getResult -->
  <testcase classname="regressionTestCases.TrndrRegTCs" name="@AfterMethod getResult" time="0.0">
    <skipped/>
  </testcase> <!-- @AfterMethod getResult -->
  <testcase classname="regressionTestCases.TrndrRegTCs" name="@AfterMethod getResult" time="0.0">
    <skipped/>
  </testcase> <!-- @AfterMethod getResult -->
  <testcase classname="regressionTestCases.TrndrRegTCs" name="@AfterMethod getResult" time="0.0">
    <skipped/>
  </testcase> <!-- @AfterMethod getResult -->
  <testcase classname="regressionTestCases.TrndrRegTCs" name="@AfterMethod getResult" time="0.0">
    <skipped/>
  </testcase> <!-- @AfterMethod getResult -->
  <testcase classname="regressionTestCases.TrndrRegTCs" name="@AfterMethod getResult" time="0.0">
    <skipped/>
  </testcase> <!-- @AfterMethod getResult -->
  <testcase classname="regressionTestCases.TrndrRegTCs" name="@AfterMethod getResult" time="0.0">
    <skipped/>
  </testcase> <!-- @AfterMethod getResult -->
  <testcase classname="regressionTestCases.TrndrRegTCs" name="@AfterMethod getResult" time="0.0">
    <skipped/>
  </testcase> <!-- @AfterMethod getResult -->
  <testcase classname="regressionTestCases.TrndrRegTCs" name="@AfterMethod getResult" time="0.0">
    <skipped/>
  </testcase> <!-- @AfterMethod getResult -->
  <testcase classname="regressionTestCases.TrndrRegTCs" name="@AfterMethod getResult" time="0.0">
    <skipped/>
  </testcase> <!-- @AfterMethod getResult -->
  <testcase classname="regressionTestCases.TrndrRegTCs" name="@AfterMethod getResult" time="0.0">
    <skipped/>
  </testcase> <!-- @AfterMethod getResult -->
  <testcase classname="regressionTestCases.TrndrRegTCs" name="@AfterMethod getResult" time="0.0">
    <skipped/>
  </testcase> <!-- @AfterMethod getResult -->
  <testcase classname="regressionTestCases.TrndrRegTCs" name="@AfterMethod getResult" time="0.0">
    <skipped/>
  </testcase> <!-- @AfterMethod getResult -->
  <testcase classname="regressionTestCases.TrndrRegTCs" name="@AfterMethod getResult" time="0.0">
    <skipped/>
  </testcase> <!-- @AfterMethod getResult -->
  <testcase classname="regressionTestCases.TrndrRegTCs" name="@AfterMethod getResult" time="0.0">
    <skipped/>
  </testcase> <!-- @AfterMethod getResult -->
  <testcase classname="regressionTestCases.TrndrRegTCs" name="@AfterMethod getResult" time="0.0">
    <skipped/>
  </testcase> <!-- @AfterMethod getResult -->
  <testcase classname="regressionTestCases.TrndrRegTCs" name="@AfterMethod getResult" time="0.0">
    <skipped/>
  </testcase> <!-- @AfterMethod getResult -->
  <testcase classname="regressionTestCases.TrndrRegTCs" name="@AfterMethod getResult" time="0.0">
    <skipped/>
  </testcase> <!-- @AfterMethod getResult -->
  <testcase classname="regressionTestCases.TrndrRegTCs" name="@AfterMethod getResult" time="0.0">
    <skipped/>
  </testcase> <!-- @AfterMethod getResult -->
  <testcase classname="regressionTestCases.TrndrRegTCs" name="@AfterMethod getResult" time="0.0">
    <skipped/>
  </testcase> <!-- @AfterMethod getResult -->
  <testcase classname="regressionTestCases.TrndrRegTCs" name="@AfterMethod getResult" time="0.0">
    <skipped/>
  </testcase> <!-- @AfterMethod getResult -->
  <testcase classname="regressionTestCases.TrndrRegTCs" name="@AfterMethod getResult" time="0.0">
    <skipped/>
  </testcase> <!-- @AfterMethod getResult -->
  <testcase classname="regressionTestCases.TrndrRegTCs" name="@AfterMethod getResult" time="0.0">
    <skipped/>
  </testcase> <!-- @AfterMethod getResult -->
  <testcase classname="regressionTestCases.TrndrRegTCs" name="@AfterMethod getResult" time="0.0">
    <skipped/>
  </testcase> <!-- @AfterMethod getResult -->
  <testcase classname="regressionTestCases.TrndrRegTCs" name="@AfterMethod getResult" time="0.0">
    <skipped/>
  </testcase> <!-- @AfterMethod getResult -->
  <testcase classname="regressionTestCases.TrndrRegTCs" name="@AfterMethod getResult" time="0.0">
    <skipped/>
  </testcase> <!-- @AfterMethod getResult -->
  <testcase classname="regressionTestCases.TrndrRegTCs" name="@AfterMethod getResult" time="0.0">
    <skipped/>
  </testcase> <!-- @AfterMethod getResult -->
  <testcase classname="regressionTestCases.TrndrRegTCs" name="@AfterMethod getResult" time="0.0">
    <skipped/>
  </testcase> <!-- @AfterMethod getResult -->
  <testcase classname="regressionTestCases.TrndrRegTCs" name="@AfterMethod getResult" time="0.0">
    <skipped/>
  </testcase> <!-- @AfterMethod getResult -->
  <testcase classname="regressionTestCases.TrndrRegTCs" name="@AfterMethod getResult" time="0.0">
    <skipped/>
  </testcase> <!-- @AfterMethod getResult -->
  <testcase classname="regressionTestCases.TrndrRegTCs" name="@AfterMethod getResult" time="0.0">
    <skipped/>
  </testcase> <!-- @AfterMethod getResult -->
  <testcase classname="regressionTestCases.TrndrRegTCs" name="@AfterMethod getResult" time="0.0">
    <skipped/>
  </testcase> <!-- @AfterMethod getResult -->
  <testcase classname="regressionTestCases.TrndrRegTCs" name="@AfterMethod getResult" time="0.0">
    <skipped/>
  </testcase> <!-- @AfterMethod getResult -->
  <testcase classname="regressionTestCases.TrndrRegTCs" name="@AfterMethod getResult" time="0.0">
    <skipped/>
  </testcase> <!-- @AfterMethod getResult -->
  <testcase classname="regressionTestCases.TrndrRegTCs" name="@AfterMethod getResult" time="0.0">
    <skipped/>
  </testcase> <!-- @AfterMethod getResult -->
  <testcase classname="regressionTestCases.TrndrRegTCs" name="@AfterMethod getResult" time="0.0">
    <skipped/>
  </testcase> <!-- @AfterMethod getResult -->
  <testcase classname="regressionTestCases.TrndrRegTCs" name="@AfterMethod getResult" time="0.0">
    <skipped/>
  </testcase> <!-- @AfterMethod getResult -->
  <testcase classname="regressionTestCases.TrndrRegTCs" name="@AfterMethod getResult" time="0.0">
    <skipped/>
  </testcase> <!-- @AfterMethod getResult -->
  <testcase classname="regressionTestCases.TrndrRegTCs" name="@AfterMethod getResult" time="0.0">
    <skipped/>
  </testcase> <!-- @AfterMethod getResult -->
  <testcase classname="regressionTestCases.TrndrRegTCs" name="@AfterMethod getResult" time="0.0">
    <skipped/>
  </testcase> <!-- @AfterMethod getResult -->
  <testcase classname="regressionTestCases.TrndrRegTCs" name="@AfterMethod getResult" time="0.0">
    <skipped/>
  </testcase> <!-- @AfterMethod getResult -->
  <testcase classname="regressionTestCases.TrndrRegTCs" name="@AfterMethod getResult" time="0.0">
    <skipped/>
  </testcase> <!-- @AfterMethod getResult -->
  <testcase classname="regressionTestCases.TrndrRegTCs" name="@AfterMethod getResult" time="0.0">
    <skipped/>
  </testcase> <!-- @AfterMethod getResult -->
  <testcase classname="regressionTestCases.TrndrRegTCs" name="@AfterMethod getResult" time="0.0">
    <skipped/>
  </testcase> <!-- @AfterMethod getResult -->
  <testcase classname="regressionTestCases.TrndrRegTCs" name="@AfterMethod getResult" time="0.0">
    <skipped/>
  </testcase> <!-- @AfterMethod getResult -->
  <testcase classname="regressionTestCases.TrndrRegTCs" name="@AfterMethod getResult" time="0.0">
    <skipped/>
  </testcase> <!-- @AfterMethod getResult -->
  <testcase classname="regressionTestCases.TrndrRegTCs" name="@AfterMethod getResult" time="0.0">
    <skipped/>
  </testcase> <!-- @AfterMethod getResult -->
  <testcase classname="regressionTestCases.TrndrRegTCs" name="@AfterMethod getResult" time="0.0">
    <skipped/>
  </testcase> <!-- @AfterMethod getResult -->
  <testcase classname="regressionTestCases.TrndrRegTCs" name="@AfterMethod getResult" time="0.0">
    <skipped/>
  </testcase> <!-- @AfterMethod getResult -->
  <testcase classname="regressionTestCases.TrndrRegTCs" name="@AfterMethod getResult" time="0.0">
    <skipped/>
  </testcase> <!-- @AfterMethod getResult -->
  <testcase classname="regressionTestCases.TrndrRegTCs" name="@AfterMethod getResult" time="0.0">
    <skipped/>
  </testcase> <!-- @AfterMethod getResult -->
  <testcase classname="regressionTestCases.TrndrRegTCs" name="@AfterMethod getResult" time="0.0">
    <skipped/>
  </testcase> <!-- @AfterMethod getResult -->
  <testcase classname="regressionTestCases.TrndrRegTCs" name="@AfterMethod getResult" time="0.0">
    <skipped/>
  </testcase> <!-- @AfterMethod getResult -->
  <testcase classname="regressionTestCases.TrndrRegTCs" name="@AfterMethod getResult" time="0.0">
    <skipped/>
  </testcase> <!-- @AfterMethod getResult -->
  <testcase classname="regressionTestCases.TrndrRegTCs" name="@AfterMethod getResult" time="0.0">
    <skipped/>
  </testcase> <!-- @AfterMethod getResult -->
  <testcase classname="regressionTestCases.TrndrRegTCs" name="@AfterMethod getResult" time="0.0">
    <skipped/>
  </testcase> <!-- @AfterMethod getResult -->
  <testcase classname="regressionTestCases.TrndrRegTCs" name="@AfterMethod getResult" time="0.0">
    <skipped/>
  </testcase> <!-- @AfterMethod getResult -->
  <testcase classname="regressionTestCases.TrndrRegTCs" name="@AfterMethod getResult" time="0.0">
    <skipped/>
  </testcase> <!-- @AfterMethod getResult -->
  <testcase classname="regressionTestCases.TrndrRegTCs" name="@AfterMethod getResult" time="0.0">
    <skipped/>
  </testcase> <!-- @AfterMethod getResult -->
  <testcase classname="regressionTestCases.TrndrRegTCs" name="@AfterMethod getResult" time="0.0">
    <skipped/>
  </testcase> <!-- @AfterMethod getResult -->
  <testcase classname="regressionTestCases.TrndrRegTCs" name="@AfterMethod getResult" time="0.0">
    <skipped/>
  </testcase> <!-- @AfterMethod getResult -->
  <testcase classname="regressionTestCases.TrndrRegTCs" name="@AfterMethod getResult" time="0.0">
    <skipped/>
  </testcase> <!-- @AfterMethod getResult -->
  <testcase classname="regressionTestCases.TrndrRegTCs" name="@AfterMethod getResult" time="0.0">
    <skipped/>
  </testcase> <!-- @AfterMethod getResult -->
  <testcase classname="regressionTestCases.TrndrRegTCs" name="@AfterMethod getResult" time="0.0">
    <skipped/>
  </testcase> <!-- @AfterMethod getResult -->
  <testcase classname="regressionTestCases.TrndrRegTCs" name="@AfterMethod getResult" time="0.0">
    <skipped/>
  </testcase> <!-- @AfterMethod getResult -->
  <testcase classname="regressionTestCases.TrndrRegTCs" name="@AfterMethod getResult" time="0.0">
    <skipped/>
  </testcase> <!-- @AfterMethod getResult -->
  <testcase classname="regressionTestCases.TrndrRegTCs" name="@AfterMethod getResult" time="0.0">
    <skipped/>
  </testcase> <!-- @AfterMethod getResult -->
  <testcase classname="regressionTestCases.TrndrRegTCs" name="@AfterMethod getResult" time="0.0">
    <skipped/>
  </testcase> <!-- @AfterMethod getResult -->
  <testcase classname="regressionTestCases.TrndrRegTCs" name="@AfterMethod getResult" time="0.0">
    <skipped/>
  </testcase> <!-- @AfterMethod getResult -->
  <testcase classname="regressionTestCases.TrndrRegTCs" name="@AfterMethod getResult" time="0.0">
    <skipped/>
  </testcase> <!-- @AfterMethod getResult -->
  <testcase classname="regressionTestCases.TrndrRegTCs" name="@AfterMethod getResult" time="0.0">
    <skipped/>
  </testcase> <!-- @AfterMethod getResult -->
  <testcase classname="regressionTestCases.TrndrRegTCs" name="@AfterMethod getResult" time="0.0">
    <skipped/>
  </testcase> <!-- @AfterMethod getResult -->
  <testcase classname="regressionTestCases.TrndrRegTCs" name="@AfterMethod getResult" time="0.0">
    <skipped/>
  </testcase> <!-- @AfterMethod getResult -->
  <testcase classname="regressionTestCases.TrndrRegTCs" name="@AfterMethod getResult" time="0.0">
    <skipped/>
  </testcase> <!-- @AfterMethod getResult -->
  <testcase classname="regressionTestCases.TrndrRegTCs" name="@AfterMethod getResult" time="0.0">
    <skipped/>
  </testcase> <!-- @AfterMethod getResult -->
  <testcase classname="regressionTestCases.TrndrRegTCs" name="@AfterMethod getResult" time="0.0">
    <skipped/>
  </testcase> <!-- @AfterMethod getResult -->
  <testcase classname="regressionTestCases.TrndrRegTCs" name="@AfterMethod getResult" time="0.0">
    <skipped/>
  </testcase> <!-- @AfterMethod getResult -->
  <testcase classname="regressionTestCases.TrndrRegTCs" name="@AfterMethod getResult" time="0.0">
    <skipped/>
  </testcase> <!-- @AfterMethod getResult -->
  <testcase classname="regressionTestCases.TrndrRegTCs" name="@AfterMethod getResult" time="0.0">
    <skipped/>
  </testcase> <!-- @AfterMethod getResult -->
  <testcase classname="regressionTestCases.TrndrRegTCs" name="@AfterMethod getResult" time="0.0">
    <skipped/>
  </testcase> <!-- @AfterMethod getResult -->
  <testcase classname="regressionTestCases.TrndrRegTCs" name="@AfterMethod getResult" time="0.0">
    <skipped/>
  </testcase> <!-- @AfterMethod getResult -->
  <testcase classname="regressionTestCases.TrndrRegTCs" name="@AfterMethod getResult" time="0.0">
    <skipped/>
  </testcase> <!-- @AfterMethod getResult -->
  <testcase classname="regressionTestCases.TrndrRegTCs" name="@AfterMethod getResult" time="0.0">
    <skipped/>
  </testcase> <!-- @AfterMethod getResult -->
  <testcase classname="regressionTestCases.TrndrRegTCs" name="@AfterMethod getResult" time="0.0">
    <skipped/>
  </testcase> <!-- @AfterMethod getResult -->
  <testcase classname="regressionTestCases.TrndrRegTCs" name="@AfterMethod getResult" time="0.0">
    <skipped/>
  </testcase> <!-- @AfterMethod getResult -->
  <testcase classname="regressionTestCases.TrndrRegTCs" name="@AfterMethod getResult" time="0.0">
    <skipped/>
  </testcase> <!-- @AfterMethod getResult -->
  <testcase classname="regressionTestCases.TrndrRegTCs" name="@AfterMethod getResult" time="0.0">
    <skipped/>
  </testcase> <!-- @AfterMethod getResult -->
  <testcase classname="regressionTestCases.TrndrRegTCs" name="@AfterMethod getResult" time="0.0">
    <skipped/>
  </testcase> <!-- @AfterMethod getResult -->
  <testcase classname="regressionTestCases.TrndrRegTCs" name="@AfterMethod getResult" time="0.0">
    <skipped/>
  </testcase> <!-- @AfterMethod getResult -->
  <testcase classname="regressionTestCases.TrndrRegTCs" name="@AfterMethod getResult" time="0.0">
    <skipped/>
  </testcase> <!-- @AfterMethod getResult -->
  <testcase classname="regressionTestCases.TrndrRegTCs" name="@AfterMethod getResult" time="0.0">
    <skipped/>
  </testcase> <!-- @AfterMethod getResult -->
  <testcase classname="regressionTestCases.TrndrRegTCs" name="@AfterMethod getResult" time="0.0">
    <skipped/>
  </testcase> <!-- @AfterMethod getResult -->
  <testcase classname="regressionTestCases.TrndrRegTCs" name="@AfterMethod getResult" time="0.0">
    <skipped/>
  </testcase> <!-- @AfterMethod getResult -->
  <testcase classname="regressionTestCases.TrndrRegTCs" name="@AfterMethod getResult" time="0.0">
    <skipped/>
  </testcase> <!-- @AfterMethod getResult -->
  <testcase classname="regressionTestCases.TrndrRegTCs" name="@AfterMethod getResult" time="0.0">
    <skipped/>
  </testcase> <!-- @AfterMethod getResult -->
  <testcase classname="regressionTestCases.TrndrRegTCs" name="@AfterMethod getResult" time="0.0">
    <skipped/>
  </testcase> <!-- @AfterMethod getResult -->
  <testcase classname="regressionTestCases.TrndrRegTCs" name="@AfterMethod getResult" time="0.0">
    <skipped/>
  </testcase> <!-- @AfterMethod getResult -->
  <testcase classname="regressionTestCases.TrndrRegTCs" name="@AfterMethod getResult" time="0.0">
    <skipped/>
  </testcase> <!-- @AfterMethod getResult -->
  <testcase classname="regressionTestCases.TrndrRegTCs" name="@AfterMethod getResult" time="0.0">
    <skipped/>
  </testcase> <!-- @AfterMethod getResult -->
  <testcase classname="regressionTestCases.TrndrRegTCs" name="@AfterMethod getResult" time="0.0">
    <skipped/>
  </testcase> <!-- @AfterMethod getResult -->
  <testcase classname="regressionTestCases.TrndrRegTCs" name="@AfterMethod getResult" time="0.0">
    <skipped/>
  </testcase> <!-- @AfterMethod getResult -->
  <testcase classname="regressionTestCases.TrndrRegTCs" name="@AfterMethod getResult" time="0.0">
    <skipped/>
  </testcase> <!-- @AfterMethod getResult -->
  <testcase classname="regressionTestCases.TrndrRegTCs" name="@AfterMethod getResult" time="0.0">
    <skipped/>
  </testcase> <!-- @AfterMethod getResult -->
  <testcase classname="regressionTestCases.TrndrRegTCs" name="@AfterMethod getResult" time="0.0">
    <skipped/>
  </testcase> <!-- @AfterMethod getResult -->
  <testcase classname="regressionTestCases.TrndrRegTCs" name="@AfterMethod getResult" time="0.0">
    <skipped/>
  </testcase> <!-- @AfterMethod getResult -->
  <testcase classname="regressionTestCases.TrndrRegTCs" name="@AfterMethod getResult" time="0.0">
    <skipped/>
  </testcase> <!-- @AfterMethod getResult -->
  <testcase classname="regressionTestCases.TrndrRegTCs" name="@AfterMethod getResult" time="0.0">
    <skipped/>
  </testcase> <!-- @AfterMethod getResult -->
  <testcase classname="regressionTestCases.TrndrRegTCs" name="@AfterMethod getResult" time="0.0">
    <skipped/>
  </testcase> <!-- @AfterMethod getResult -->
  <testcase classname="regressionTestCases.TrndrRegTCs" name="@AfterMethod getResult" time="0.0">
    <skipped/>
  </testcase> <!-- @AfterMethod getResult -->
  <testcase classname="regressionTestCases.TrndrRegTCs" name="@AfterMethod getResult" time="0.0">
    <skipped/>
  </testcase> <!-- @AfterMethod getResult -->
  <testcase classname="regressionTestCases.TrndrRegTCs" name="@AfterMethod getResult" time="0.0">
    <skipped/>
  </testcase> <!-- @AfterMethod getResult -->
  <testcase classname="regressionTestCases.TrndrRegTCs" name="@AfterMethod getResult" time="0.0">
    <skipped/>
  </testcase> <!-- @AfterMethod getResult -->
  <testcase classname="regressionTestCases.TrndrRegTCs" name="@AfterMethod getResult" time="0.0">
    <skipped/>
  </testcase> <!-- @AfterMethod getResult -->
  <testcase classname="regressionTestCases.TrndrRegTCs" name="@AfterMethod getResult" time="0.0">
    <skipped/>
  </testcase> <!-- @AfterMethod getResult -->
  <testcase classname="regressionTestCases.TrndrRegTCs" name="@AfterMethod getResult" time="0.0">
    <skipped/>
  </testcase> <!-- @AfterMethod getResult -->
  <testcase classname="regressionTestCases.TrndrRegTCs" name="@AfterMethod getResult" time="0.0">
    <skipped/>
  </testcase> <!-- @AfterMethod getResult -->
  <testcase classname="regressionTestCases.TrndrRegTCs" name="@AfterMethod getResult" time="0.0">
    <skipped/>
  </testcase> <!-- @AfterMethod getResult -->
  <testcase classname="regressionTestCases.TrndrRegTCs" name="@AfterMethod getResult" time="0.0">
    <skipped/>
  </testcase> <!-- @AfterMethod getResult -->
  <testcase classname="regressionTestCases.TrndrRegTCs" name="@AfterMethod getResult" time="0.0">
    <skipped/>
  </testcase> <!-- @AfterMethod getResult -->
  <testcase classname="regressionTestCases.TrndrRegTCs" name="@AfterMethod getResult" time="0.0">
    <skipped/>
  </testcase> <!-- @AfterMethod getResult -->
  <testcase classname="regressionTestCases.TrndrRegTCs" name="@AfterMethod getResult" time="0.0">
    <skipped/>
  </testcase> <!-- @AfterMethod getResult -->
  <testcase classname="regressionTestCases.TrndrRegTCs" name="@AfterMethod getResult" time="0.0">
    <skipped/>
  </testcase> <!-- @AfterMethod getResult -->
  <testcase classname="regressionTestCases.TrndrRegTCs" name="@AfterMethod getResult" time="0.0">
    <skipped/>
  </testcase> <!-- @AfterMethod getResult -->
  <testcase classname="regressionTestCases.TrndrRegTCs" name="@AfterMethod getResult" time="0.0">
    <skipped/>
  </testcase> <!-- @AfterMethod getResult -->
  <testcase classname="regressionTestCases.TrndrRegTCs" name="@AfterMethod getResult" time="0.0">
    <skipped/>
  </testcase> <!-- @AfterMethod getResult -->
  <testcase classname="regressionTestCases.TrndrRegTCs" name="@AfterMethod getResult" time="0.0">
    <skipped/>
  </testcase> <!-- @AfterMethod getResult -->
  <testcase classname="regressionTestCases.TrndrRegTCs" name="@AfterMethod getResult" time="0.0">
    <skipped/>
  </testcase> <!-- @AfterMethod getResult -->
  <testcase classname="regressionTestCases.TrndrRegTCs" name="@AfterMethod getResult" time="0.0">
    <skipped/>
  </testcase> <!-- @AfterMethod getResult -->
  <testcase classname="regressionTestCases.TrndrRegTCs" name="@AfterMethod getResult" time="0.0">
    <skipped/>
  </testcase> <!-- @AfterMethod getResult -->
  <testcase classname="regressionTestCases.TrndrRegTCs" name="@AfterMethod getResult" time="0.0">
    <skipped/>
  </testcase> <!-- @AfterMethod getResult -->
  <testcase classname="regressionTestCases.TrndrRegTCs" name="@AfterMethod getResult" time="0.0">
    <skipped/>
  </testcase> <!-- @AfterMethod getResult -->
  <testcase classname="regressionTestCases.TrndrRegTCs" name="@AfterMethod getResult" time="0.0">
    <skipped/>
  </testcase> <!-- @AfterMethod getResult -->
  <testcase classname="regressionTestCases.TrndrRegTCs" name="@AfterMethod getResult" time="0.0">
    <skipped/>
  </testcase> <!-- @AfterMethod getResult -->
  <testcase classname="regressionTestCases.TrndrRegTCs" name="@AfterMethod getResult" time="0.0">
    <skipped/>
  </testcase> <!-- @AfterMethod getResult -->
  <testcase classname="regressionTestCases.TrndrRegTCs" name="@AfterMethod getResult" time="0.0">
    <skipped/>
  </testcase> <!-- @AfterMethod getResult -->
  <testcase classname="regressionTestCases.TrndrRegTCs" name="@AfterMethod getResult" time="0.0">
    <skipped/>
  </testcase> <!-- @AfterMethod getResult -->
  <testcase classname="regressionTestCases.TrndrRegTCs" name="@AfterTest endReport" time="0.0">
    <skipped/>
  </testcase> <!-- @AfterTest endReport -->
  <testcase classname="regressionTestCases.TrndrRegTCs" name="browserinit" time="8.327"/>
  <testcase classname="regressionTestCases.TrndrRegTCs" name="createbtntrndrtc" time="2.144"/>
  <testcase classname="regressionTestCases.TrndrRegTCs" name="nllangtc" time="0.541"/>
  <testcase classname="regressionTestCases.TrndrRegTCs" name="socialcattc" time="1.141"/>
  <testcase classname="regressionTestCases.TrndrRegTCs" name="R1L1screen" time="11.265"/>
  <testcase classname="regressionTestCases.TrndrRegTCs" name="R1L2screen" time="2.473"/>
  <testcase classname="regressionTestCases.TrndrRegTCs" name="R1L3screen" time="0.968"/>
  <testcase classname="regressionTestCases.TrndrRegTCs" name="R1L4screen" time="1.051"/>
  <testcase classname="regressionTestCases.TrndrRegTCs" name="profileScreenQ" time="1.978"/>
  <testcase classname="regressionTestCases.TrndrRegTCs" name="R2screen" time="1.288"/>
  <testcase classname="regressionTestCases.TrndrRegTCs" name="R2L1screen" time="10.243"/>
  <testcase classname="regressionTestCases.TrndrRegTCs" name="R2L2screen" time="2.436"/>
  <testcase classname="regressionTestCases.TrndrRegTCs" name="R2L3screen" time="0.959"/>
  <testcase classname="regressionTestCases.TrndrRegTCs" name="R2L4screen" time="0.762"/>
  <testcase classname="regressionTestCases.TrndrRegTCs" name="R3screen" time="0.849"/>
  <testcase classname="regressionTestCases.TrndrRegTCs" name="R3L1screen" time="10.163"/>
  <testcase classname="regressionTestCases.TrndrRegTCs" name="R3L2screen" time="2.474"/>
  <testcase classname="regressionTestCases.TrndrRegTCs" name="R3L3screen" time="0.944"/>
  <testcase classname="regressionTestCases.TrndrRegTCs" name="R3L4screen" time="0.735"/>
  <testcase classname="regressionTestCases.TrndrRegTCs" name="R4screen" time="0.759"/>
  <testcase classname="regressionTestCases.TrndrRegTCs" name="R4L1screen" time="10.296"/>
  <testcase classname="regressionTestCases.TrndrRegTCs" name="R4L2screen" time="3.185"/>
  <testcase classname="regressionTestCases.TrndrRegTCs" name="R4L3screen" time="1.481"/>
  <testcase classname="regressionTestCases.TrndrRegTCs" name="R4L4screen" time="1.292"/>
  <testcase classname="regressionTestCases.TrndrRegTCs" name="R5screen" time="0.892"/>
  <testcase classname="regressionTestCases.TrndrRegTCs" name="R5L1screen" time="10.564"/>
  <testcase classname="regressionTestCases.TrndrRegTCs" name="R5L2screen" time="3.026"/>
  <testcase classname="regressionTestCases.TrndrRegTCs" name="R5L3screen" time="1.459"/>
  <testcase classname="regressionTestCases.TrndrRegTCs" name="R5L4screen" time="1.341"/>
  <testcase classname="regressionTestCases.TrndrRegTCs" name="Medalscreen" time="1.322"/>
  <testcase classname="regressionTestCases.TrndrRegTCs" name="Accountscreen" time="0.324"/>
  <testcase classname="regressionTestCases.TrndrRegTCs" name="CategoryiconNL" time="0.728"/>
  <testcase classname="regressionTestCases.TrndrRegTCs" name="Techcattc" time="1.117"/>
  <testcase classname="regressionTestCases.TrndrRegTCs" name="TechR1L1" time="10.957"/>
  <testcase classname="regressionTestCases.TrndrRegTCs" name="TecR1L2screen" time="2.444"/>
  <testcase classname="regressionTestCases.TrndrRegTCs" name="TechcattcR1L3screen" time="0.958"/>
  <testcase classname="regressionTestCases.TrndrRegTCs" name="TechcattcR1L4screen" time="0.662"/>
  <testcase classname="regressionTestCases.TrndrRegTCs" name="TechcattcR2screen" time="0.798"/>
  <testcase classname="regressionTestCases.TrndrRegTCs" name="TechcattcR2L1screen" time="10.395"/>
  <testcase classname="regressionTestCases.TrndrRegTCs" name="TechcattcR2L2screen" time="2.749"/>
  <testcase classname="regressionTestCases.TrndrRegTCs" name="TechcattcR2L3screen" time="1.129"/>
  <testcase classname="regressionTestCases.TrndrRegTCs" name="TechcattcR2L4screen" time="0.783"/>
  <testcase classname="regressionTestCases.TrndrRegTCs" name="TechcattcR3screen" time="0.925"/>
  <testcase classname="regressionTestCases.TrndrRegTCs" name="TechcattcR3L1screen" time="10.718"/>
  <testcase classname="regressionTestCases.TrndrRegTCs" name="TechcattcR3L2screen" time="2.594"/>
  <testcase classname="regressionTestCases.TrndrRegTCs" name="TechcattcR3L3screen" time="1.062"/>
  <testcase classname="regressionTestCases.TrndrRegTCs" name="TechcattcR3L4screen" time="0.754"/>
  <testcase classname="regressionTestCases.TrndrRegTCs" name="TechcattcR4screen" time="0.805"/>
  <testcase classname="regressionTestCases.TrndrRegTCs" name="TechcattcR4L1screen" time="10.431"/>
  <testcase classname="regressionTestCases.TrndrRegTCs" name="TechcattcR4L2screen" time="2.899"/>
  <testcase classname="regressionTestCases.TrndrRegTCs" name="TechcattcR4L3screen" time="1.499"/>
  <testcase classname="regressionTestCases.TrndrRegTCs" name="TechcattcR4L4screen" time="1.189"/>
  <testcase classname="regressionTestCases.TrndrRegTCs" name="TechcattcR5screen" time="0.789"/>
  <testcase classname="regressionTestCases.TrndrRegTCs" name="TechcattcR5L1screen" time="10.171"/>
  <testcase classname="regressionTestCases.TrndrRegTCs" name="TechcattcR5L2screen" time="3.071"/>
  <testcase classname="regressionTestCases.TrndrRegTCs" name="TechcattcR5L3screen" time="1.489"/>
  <testcase classname="regressionTestCases.TrndrRegTCs" name="TechcattcR5L4screen" time="1.131"/>
  <testcase classname="regressionTestCases.TrndrRegTCs" name="TechcattcMedalscreen" time="1.137"/>
  <testcase classname="regressionTestCases.TrndrRegTCs" name="TechcattcAccountscreen" time="0.287"/>
  <testcase classname="regressionTestCases.TrndrRegTCs" name="TechcattcCategoryiconNL" time="0.863"/>
  <testcase classname="regressionTestCases.TrndrRegTCs" name="Communicatiecattc" time="1.45"/>
  <testcase classname="regressionTestCases.TrndrRegTCs" name="CommunicatieR1L1screen" time="10.778"/>
  <testcase classname="regressionTestCases.TrndrRegTCs" name="CommunicatieR1L2screen" time="2.354"/>
  <testcase classname="regressionTestCases.TrndrRegTCs" name="CommunicatieR1L3screen" time="0.931"/>
  <testcase classname="regressionTestCases.TrndrRegTCs" name="CommunicatieR1L4screen" time="0.669"/>
  <testcase classname="regressionTestCases.TrndrRegTCs" name="CommunicatieR2screen" time="0.662"/>
  <testcase classname="regressionTestCases.TrndrRegTCs" name="CommunicatieR2L1screen" time="10.219"/>
  <testcase classname="regressionTestCases.TrndrRegTCs" name="CommunicatieR2L2screen" time="2.413"/>
  <testcase classname="regressionTestCases.TrndrRegTCs" name="CommunicatieR2L3screen" time="0.933"/>
  <testcase classname="regressionTestCases.TrndrRegTCs" name="CommunicatieR2L4screen" time="0.718"/>
  <testcase classname="regressionTestCases.TrndrRegTCs" name="CommunicatieR3screen" time="0.677"/>
  <testcase classname="regressionTestCases.TrndrRegTCs" name="CommunicatieR3L1screen" time="10.262"/>
  <testcase classname="regressionTestCases.TrndrRegTCs" name="CommunicatieR3L2screen" time="2.34"/>
  <testcase classname="regressionTestCases.TrndrRegTCs" name="CommunicatieR3L3screen" time="0.947"/>
  <testcase classname="regressionTestCases.TrndrRegTCs" name="CommunicatieR3L4screen" time="0.798"/>
  <testcase classname="regressionTestCases.TrndrRegTCs" name="CommunicatieR4screen" time="0.654"/>
  <testcase classname="regressionTestCases.TrndrRegTCs" name="CommunicatieR4L1screen" time="10.361"/>
  <testcase classname="regressionTestCases.TrndrRegTCs" name="CommunicatieR4L2screen" time="2.86"/>
  <testcase classname="regressionTestCases.TrndrRegTCs" name="CommunicatieR4L3screen" time="1.44"/>
  <testcase classname="regressionTestCases.TrndrRegTCs" name="CommunicatieR4L4screen" time="1.13"/>
  <testcase classname="regressionTestCases.TrndrRegTCs" name="CommunicatieR5screen" time="0.749"/>
  <testcase classname="regressionTestCases.TrndrRegTCs" name="CommunicatieR5L1screen" time="10.717"/>
  <testcase classname="regressionTestCases.TrndrRegTCs" name="CommunicatieR5L2screen" time="2.926"/>
  <testcase classname="regressionTestCases.TrndrRegTCs" name="CommunicatieR5L3screen" time="1.466"/>
  <testcase classname="regressionTestCases.TrndrRegTCs" name="CommunicatieR5L4screen" time="1.115"/>
  <testcase classname="regressionTestCases.TrndrRegTCs" name="CommunicatieMedalscreen" time="1.203"/>
  <testcase classname="regressionTestCases.TrndrRegTCs" name="CommunicatieAccountscreen" time="0.271"/>
  <testcase classname="regressionTestCases.TrndrRegTCs" name="CommunicatieCategoryiconNL" time="0.716"/>
  <testcase classname="regressionTestCases.TrndrRegTCs" name="Culturetc" time="1.218"/>
  <testcase classname="regressionTestCases.TrndrRegTCs" name="CultureR1L1screen" time="10.97"/>
  <testcase classname="regressionTestCases.TrndrRegTCs" name="CultureR1L2screen" time="2.516"/>
  <testcase classname="regressionTestCases.TrndrRegTCs" name="CultureR1L3screen" time="0.972"/>
  <testcase classname="regressionTestCases.TrndrRegTCs" name="CultureR1L4screen" time="0.816"/>
  <testcase classname="regressionTestCases.TrndrRegTCs" name="CultureR2screen" time="0.715"/>
  <testcase classname="regressionTestCases.TrndrRegTCs" name="CultureR2L1screen" time="11.068"/>
  <testcase classname="regressionTestCases.TrndrRegTCs" name="CultureR2L2screen" time="2.606"/>
  <testcase classname="regressionTestCases.TrndrRegTCs" name="CultureR2L3screen" time="1.003"/>
  <testcase classname="regressionTestCases.TrndrRegTCs" name="CultureR2L4screen" time="0.832"/>
  <testcase classname="regressionTestCases.TrndrRegTCs" name="CultureR3screen" time="0.715"/>
  <testcase classname="regressionTestCases.TrndrRegTCs" name="CultureR3L1screen" time="10.63"/>
  <testcase classname="regressionTestCases.TrndrRegTCs" name="CultureR3L2screen" time="2.813"/>
  <testcase classname="regressionTestCases.TrndrRegTCs" name="CultureR3L3screen" time="1.009"/>
  <testcase classname="regressionTestCases.TrndrRegTCs" name="CultureR3L4screen" time="0.769"/>
  <testcase classname="regressionTestCases.TrndrRegTCs" name="CultureR4screen" time="1.328"/>
  <testcase classname="regressionTestCases.TrndrRegTCs" name="CultureR4L1screen" time="10.696"/>
  <testcase classname="regressionTestCases.TrndrRegTCs" name="CultureR4L2screen" time="3.16"/>
  <testcase classname="regressionTestCases.TrndrRegTCs" name="CultureR4L3screen" time="1.499"/>
  <testcase classname="regressionTestCases.TrndrRegTCs" name="CultureR4L4screen" time="1.231"/>
  <testcase classname="regressionTestCases.TrndrRegTCs" name="CultureR5screen" time="0.757"/>
  <testcase classname="regressionTestCases.TrndrRegTCs" name="CultureR5L1screen" time="10.518"/>
  <testcase classname="regressionTestCases.TrndrRegTCs" name="CultureR5L2screen" time="3.108"/>
  <testcase classname="regressionTestCases.TrndrRegTCs" name="CultureR5L3screen" time="1.459"/>
  <testcase classname="regressionTestCases.TrndrRegTCs" name="CultureR5L4screen" time="1.367"/>
  <testcase classname="regressionTestCases.TrndrRegTCs" name="CultureMedalscreen" time="1.72"/>
  <testcase classname="regressionTestCases.TrndrRegTCs" name="CultureAccountscreen" time="0.383"/>
  <testcase classname="regressionTestCases.TrndrRegTCs" name="CultureCategoryiconNL" time="0.897"/>
  <testcase classname="regressionTestCases.TrndrRegTCs" name="Educationtc" time="1.202"/>
  <testcase classname="regressionTestCases.TrndrRegTCs" name="EducationR1L1screen" time="10.827"/>
  <testcase classname="regressionTestCases.TrndrRegTCs" name="EducationR1L2screen" time="2.368"/>
  <testcase classname="regressionTestCases.TrndrRegTCs" name="EducationR1L3screen" time="0.96"/>
  <testcase classname="regressionTestCases.TrndrRegTCs" name="EducationR1L4screen" time="0.591"/>
  <testcase classname="regressionTestCases.TrndrRegTCs" name="EducationR2screen" time="0.676"/>
  <testcase classname="regressionTestCases.TrndrRegTCs" name="EducationR2L1screen" time="10.388"/>
  <testcase classname="regressionTestCases.TrndrRegTCs" name="EducationR2L2screen" time="2.606"/>
  <testcase classname="regressionTestCases.TrndrRegTCs" name="EducationR2L3screen" time="0.948"/>
  <testcase classname="regressionTestCases.TrndrRegTCs" name="EducationR2L4screen" time="0.665"/>
  <testcase classname="regressionTestCases.TrndrRegTCs" name="EducationR3screen" time="0.679"/>
  <testcase classname="regressionTestCases.TrndrRegTCs" name="EducationR3L1screen" time="10.281"/>
  <testcase classname="regressionTestCases.TrndrRegTCs" name="EducationR3L2screen" time="2.786"/>
  <testcase classname="regressionTestCases.TrndrRegTCs" name="EducationR3L3screen" time="1.02"/>
  <testcase classname="regressionTestCases.TrndrRegTCs" name="EducationR3L4screen" time="0.841"/>
  <testcase classname="regressionTestCases.TrndrRegTCs" name="EducationR4screen" time="0.797"/>
  <testcase classname="regressionTestCases.TrndrRegTCs" name="EducationR4L1screen" time="10.81"/>
  <testcase classname="regressionTestCases.TrndrRegTCs" name="EducationR4L2screen" time="3.037"/>
  <testcase classname="regressionTestCases.TrndrRegTCs" name="EducationR4L3screen" time="1.503"/>
  <testcase classname="regressionTestCases.TrndrRegTCs" name="EducationR4L4screen" time="1.146"/>
  <testcase classname="regressionTestCases.TrndrRegTCs" name="EducationR5screen" time="0.855"/>
  <testcase classname="regressionTestCases.TrndrRegTCs" name="EducationR5L1screen" time="10.83"/>
  <testcase classname="regressionTestCases.TrndrRegTCs" name="EducationR5L2screen" time="3.278"/>
  <testcase classname="regressionTestCases.TrndrRegTCs" name="EducationR5L3screen" time="2.143"/>
  <testcase classname="regressionTestCases.TrndrRegTCs" name="EducationR5L4screen" time="1.133"/>
  <testcase classname="regressionTestCases.TrndrRegTCs" name="EducationMedalscreen" time="1.436"/>
  <testcase classname="regressionTestCases.TrndrRegTCs" name="EducationAccountscreen" time="0.273"/>
  <testcase classname="regressionTestCases.TrndrRegTCs" name="EducationCategoryiconNL" time="1.006"/>
  <testcase classname="regressionTestCases.TrndrRegTCs" name="Financetc" time="1.33"/>
  <testcase classname="regressionTestCases.TrndrRegTCs" name="FinanceR1L1screen" time="11.38"/>
  <testcase classname="regressionTestCases.TrndrRegTCs" name="FinanceR1L2screen" time="2.675"/>
  <testcase classname="regressionTestCases.TrndrRegTCs" name="FinanceR1L3screen" time="1.008"/>
  <testcase classname="regressionTestCases.TrndrRegTCs" name="FinanceR1L4screen" time="0.724"/>
  <testcase classname="regressionTestCases.TrndrRegTCs" name="FinanceR2screen" time="0.758"/>
  <testcase classname="regressionTestCases.TrndrRegTCs" name="FinanceR2L1screen" time="10.584"/>
  <testcase classname="regressionTestCases.TrndrRegTCs" name="FinanceR2L2screen" time="2.755"/>
  <testcase classname="regressionTestCases.TrndrRegTCs" name="FinanceR2L3screen" time="1.086"/>
  <testcase classname="regressionTestCases.TrndrRegTCs" name="FinanceR2L4screen" time="0.739"/>
  <testcase classname="regressionTestCases.TrndrRegTCs" name="FinanceR3screen" time="0.836"/>
  <testcase classname="regressionTestCases.TrndrRegTCs" name="FinanceR3L1screen" time="10.624"/>
  <testcase classname="regressionTestCases.TrndrRegTCs" name="FinanceR3L2screen" time="2.491"/>
  <testcase classname="regressionTestCases.TrndrRegTCs" name="FinanceR3L3screen" time="0.973"/>
  <testcase classname="regressionTestCases.TrndrRegTCs" name="FinanceR3L4screen" time="0.743"/>
  <testcase classname="regressionTestCases.TrndrRegTCs" name="FinanceR4screen" time="0.677"/>
  <testcase classname="regressionTestCases.TrndrRegTCs" name="FinanceR4L1screen" time="10.3"/>
  <testcase classname="regressionTestCases.TrndrRegTCs" name="FinanceR4L2screen" time="3.012"/>
  <testcase classname="regressionTestCases.TrndrRegTCs" name="FinanceR4L3screen" time="1.514"/>
  <testcase classname="regressionTestCases.TrndrRegTCs" name="FinanceR4L4screen" time="1.153"/>
  <testcase classname="regressionTestCases.TrndrRegTCs" name="FinanceR5screen" time="0.644"/>
  <testcase classname="regressionTestCases.TrndrRegTCs" name="FinanceR5L1screen" time="10.255"/>
  <testcase classname="regressionTestCases.TrndrRegTCs" name="FinanceR5L2screen" time="2.86"/>
  <testcase classname="regressionTestCases.TrndrRegTCs" name="FinanceR5L3screen" time="1.419"/>
  <testcase classname="regressionTestCases.TrndrRegTCs" name="FinanceR5L4screen" time="1.1"/>
  <testcase classname="regressionTestCases.TrndrRegTCs" name="FinanceMedalscreen" time="1.481"/>
  <testcase classname="regressionTestCases.TrndrRegTCs" name="FinanceAccountscreen" time="0.313"/>
  <testcase classname="regressionTestCases.TrndrRegTCs" name="FinanceCategoryiconNL" time="0.808"/>
  <testcase classname="regressionTestCases.TrndrRegTCs" name="HealthCaretc" time="1.184"/>
  <testcase classname="regressionTestCases.TrndrRegTCs" name="HealthCareR1L1screen" time="11.121"/>
  <testcase classname="regressionTestCases.TrndrRegTCs" name="HealthCareR1L2screen" time="2.993"/>
  <testcase classname="regressionTestCases.TrndrRegTCs" name="HealthCareR1L3screen" time="0.942"/>
  <testcase classname="regressionTestCases.TrndrRegTCs" name="HealthCareR1L4screen" time="1.216"/>
  <testcase classname="regressionTestCases.TrndrRegTCs" name="HealthCareR2screen" time="1.026"/>
  <testcase classname="regressionTestCases.TrndrRegTCs" name="HealthCareR2L1screen" time="10.339"/>
  <testcase classname="regressionTestCases.TrndrRegTCs" name="HealthCareR2L2screen" time="2.908"/>
  <testcase classname="regressionTestCases.TrndrRegTCs" name="HealthCareR2L3screen" time="1.168"/>
  <testcase classname="regressionTestCases.TrndrRegTCs" name="HealthCareR2L4screen" time="2.997">
    <failure type="org.openqa.selenium.WebDriverException" message="Failed to decode response from marionette
Build info: version: &amp;apos;3.12.0&amp;apos;, revision: &amp;apos;7c6e0b3&amp;apos;, time: &amp;apos;2018-05-08T14:04:26.12Z&amp;apos;
System info: host: &amp;apos;UMAASHOKPRABHU&amp;apos;, ip: &amp;apos;192.168.1.45&amp;apos;, os.name: &amp;apos;Windows 10&amp;apos;, os.arch: &amp;apos;amd64&amp;apos;, os.version: &amp;apos;10.0&amp;apos;, java.version: &amp;apos;12.0.1&amp;apos;
Driver info: org.openqa.selenium.firefox.FirefoxDriver
Capabilities {acceptInsecureCerts: true, browserName: firefox, browserVersion: 70.0.1, javascriptEnabled: true, moz:accessibilityChecks: false, moz:buildID: 20191030021342, moz:geckodriverVersion: 0.26.0, moz:headless: false, moz:processID: 39960, moz:profile: C:\Users\UmaAshokPrabhu\App..., moz:shutdownTimeout: 60000, moz:useNonSpecCompliantPointerOrigin: false, moz:webdriverClick: true, pageLoadStrategy: normal, platform: WINDOWS, platformName: WINDOWS, platformVersion: 10.0, rotatable: false, setWindowRect: true, strictFileInteractability: false, timeouts: {implicit: 0, pageLoad: 300000, script: 30000}, unhandledPromptBehavior: dismiss and notify}
Session ID: 985e2a86-8d2e-4405-8de0-3b92e10c9588
*** Element info: {Using=xpath, value=//*[@id=&amp;quot;root&amp;quot;]/div/div/div[1]/span/div[1]/div[2]}">
      <![CDATA[org.openqa.selenium.WebDriverException: Failed to decode response from marionette
Build info: version: '3.12.0', revision: '7c6e0b3', time: '2018-05-08T14:04:26.12Z'
System info: host: 'UMAASHOKPRABHU', ip: '192.168.1.45', os.name: 'Windows 10', os.arch: 'amd64', os.version: '10.0', java.version: '12.0.1'
Driver info: org.openqa.selenium.firefox.FirefoxDriver
Capabilities {acceptInsecureCerts: true, browserName: firefox, browserVersion: 70.0.1, javascriptEnabled: true, moz:accessibilityChecks: false, moz:buildID: 20191030021342, moz:geckodriverVersion: 0.26.0, moz:headless: false, moz:processID: 39960, moz:profile: C:\Users\UmaAshokPrabhu\App..., moz:shutdownTimeout: 60000, moz:useNonSpecCompliantPointerOrigin: false, moz:webdriverClick: true, pageLoadStrategy: normal, platform: WINDOWS, platformName: WINDOWS, platformVersion: 10.0, rotatable: false, setWindowRect: true, strictFileInteractability: false, timeouts: {implicit: 0, pageLoad: 300000, script: 30000}, unhandledPromptBehavior: dismiss and notify}
Session ID: 985e2a86-8d2e-4405-8de0-3b92e10c9588
*** Element info: {Using=xpath, value=//*[@id="root"]/div/div/div[1]/span/div[1]/div[2]}
at org.openqa.selenium.remote.http.W3CHttpResponseCodec.createException(W3CHttpResponseCodec.java:187)
at org.openqa.selenium.remote.http.W3CHttpResponseCodec.decode(W3CHttpResponseCodec.java:122)
at org.openqa.selenium.remote.http.W3CHttpResponseCodec.decode(W3CHttpResponseCodec.java:49)
at org.openqa.selenium.remote.HttpCommandExecutor.execute(HttpCommandExecutor.java:158)
at org.openqa.selenium.remote.service.DriverCommandExecutor.execute(DriverCommandExecutor.java:83)
at org.openqa.selenium.remote.RemoteWebDriver.execute(RemoteWebDriver.java:543)
at org.openqa.selenium.remote.RemoteWebDriver.findElement(RemoteWebDriver.java:317)
at org.openqa.selenium.remote.RemoteWebDriver.findElementByXPath(RemoteWebDriver.java:419)
at org.openqa.selenium.By$ByXPath.findElement(By.java:353)
at org.openqa.selenium.remote.RemoteWebDriver.findElement(RemoteWebDriver.java:309)
at regressionTestCases.TrndrRegTCs.HealthCareR2L4screen(TrndrRegTCs.java:3661)
... Removed 34 stack frames]]>
    </failure>
  </testcase> <!-- HealthCareR2L4screen -->
  <testcase classname="regressionTestCases.TrndrRegTCs" name="HealthCareR3screen" time="0.0">
    <skipped/>
  </testcase> <!-- HealthCareR3screen -->
  <testcase classname="regressionTestCases.TrndrRegTCs" name="HealthCareR3L1screen" time="0.0">
    <skipped/>
  </testcase> <!-- HealthCareR3L1screen -->
  <testcase classname="regressionTestCases.TrndrRegTCs" name="HealthCareR3L2screen" time="0.0">
    <skipped/>
  </testcase> <!-- HealthCareR3L2screen -->
  <testcase classname="regressionTestCases.TrndrRegTCs" name="HealthCareR3L3screen" time="0.0">
    <skipped/>
  </testcase> <!-- HealthCareR3L3screen -->
  <testcase classname="regressionTestCases.TrndrRegTCs" name="HealthCareR3L4screen" time="0.0">
    <skipped/>
  </testcase> <!-- HealthCareR3L4screen -->
  <testcase classname="regressionTestCases.TrndrRegTCs" name="HealthCareR4screen" time="0.0">
    <skipped/>
  </testcase> <!-- HealthCareR4screen -->
  <testcase classname="regressionTestCases.TrndrRegTCs" name="HealthCareR4L1screen" time="0.0">
    <skipped/>
  </testcase> <!-- HealthCareR4L1screen -->
  <testcase classname="regressionTestCases.TrndrRegTCs" name="HealthCareR4L2screen" time="0.0">
    <skipped/>
  </testcase> <!-- HealthCareR4L2screen -->
  <testcase classname="regressionTestCases.TrndrRegTCs" name="HealthCareR4L3screen" time="0.0">
    <skipped/>
  </testcase> <!-- HealthCareR4L3screen -->
  <testcase classname="regressionTestCases.TrndrRegTCs" name="HealthCareR4L4screen" time="0.0">
    <skipped/>
  </testcase> <!-- HealthCareR4L4screen -->
  <testcase classname="regressionTestCases.TrndrRegTCs" name="HealthCareR5screen" time="0.0">
    <skipped/>
  </testcase> <!-- HealthCareR5screen -->
  <testcase classname="regressionTestCases.TrndrRegTCs" name="HealthCareR5L1screen" time="0.0">
    <skipped/>
  </testcase> <!-- HealthCareR5L1screen -->
  <testcase classname="regressionTestCases.TrndrRegTCs" name="HealthCareR5L2screen" time="0.0">
    <skipped/>
  </testcase> <!-- HealthCareR5L2screen -->
  <testcase classname="regressionTestCases.TrndrRegTCs" name="HealthCareR5L3screen" time="0.0">
    <skipped/>
  </testcase> <!-- HealthCareR5L3screen -->
  <testcase classname="regressionTestCases.TrndrRegTCs" name="HealthCareR5L4screen" time="0.0">
    <skipped/>
  </testcase> <!-- HealthCareR5L4screen -->
  <testcase classname="regressionTestCases.TrndrRegTCs" name="HealthCareMedalscreen" time="0.0">
    <skipped/>
  </testcase> <!-- HealthCareMedalscreen -->
  <testcase classname="regressionTestCases.TrndrRegTCs" name="HealthCareAccountscreen" time="0.0">
    <skipped/>
  </testcase> <!-- HealthCareAccountscreen -->
  <testcase classname="regressionTestCases.TrndrRegTCs" name="HealthCareCategoryiconNL" time="0.0">
    <skipped/>
  </testcase> <!-- HealthCareCategoryiconNL -->
  <testcase classname="regressionTestCases.TrndrRegTCs" name="Mediatc" time="0.0">
    <skipped/>
  </testcase> <!-- Mediatc -->
  <testcase classname="regressionTestCases.TrndrRegTCs" name="MediaR1L1screen" time="0.0">
    <skipped/>
  </testcase> <!-- MediaR1L1screen -->
  <testcase classname="regressionTestCases.TrndrRegTCs" name="MediaR1L2screen" time="0.0">
    <skipped/>
  </testcase> <!-- MediaR1L2screen -->
  <testcase classname="regressionTestCases.TrndrRegTCs" name="MediaR1L3screen" time="0.0">
    <skipped/>
  </testcase> <!-- MediaR1L3screen -->
  <testcase classname="regressionTestCases.TrndrRegTCs" name="MediaR1L4screen" time="0.001">
    <skipped/>
  </testcase> <!-- MediaR1L4screen -->
  <testcase classname="regressionTestCases.TrndrRegTCs" name="MediaR2screen" time="0.0">
    <skipped/>
  </testcase> <!-- MediaR2screen -->
  <testcase classname="regressionTestCases.TrndrRegTCs" name="MediaR2L1screen" time="0.0">
    <skipped/>
  </testcase> <!-- MediaR2L1screen -->
  <testcase classname="regressionTestCases.TrndrRegTCs" name="MediaR2L2screen" time="0.0">
    <skipped/>
  </testcase> <!-- MediaR2L2screen -->
  <testcase classname="regressionTestCases.TrndrRegTCs" name="MediaR2L3screen" time="0.0">
    <skipped/>
  </testcase> <!-- MediaR2L3screen -->
  <testcase classname="regressionTestCases.TrndrRegTCs" name="MediaR2L4screen" time="0.0">
    <skipped/>
  </testcase> <!-- MediaR2L4screen -->
  <testcase classname="regressionTestCases.TrndrRegTCs" name="MediaR3screen" time="0.0">
    <skipped/>
  </testcase> <!-- MediaR3screen -->
  <testcase classname="regressionTestCases.TrndrRegTCs" name="MediaR3L1screen" time="0.0">
    <skipped/>
  </testcase> <!-- MediaR3L1screen -->
  <testcase classname="regressionTestCases.TrndrRegTCs" name="MediaR3L2screen" time="0.0">
    <skipped/>
  </testcase> <!-- MediaR3L2screen -->
  <testcase classname="regressionTestCases.TrndrRegTCs" name="MediaR3L3screen" time="0.0">
    <skipped/>
  </testcase> <!-- MediaR3L3screen -->
  <testcase classname="regressionTestCases.TrndrRegTCs" name="MediaR3L4screen" time="0.0">
    <skipped/>
  </testcase> <!-- MediaR3L4screen -->
  <testcase classname="regressionTestCases.TrndrRegTCs" name="MediaR4screen" time="0.0">
    <skipped/>
  </testcase> <!-- MediaR4screen -->
  <testcase classname="regressionTestCases.TrndrRegTCs" name="MediaR4L1screen" time="0.0">
    <skipped/>
  </testcase> <!-- MediaR4L1screen -->
  <testcase classname="regressionTestCases.TrndrRegTCs" name="MediaR4L2screen" time="0.0">
    <skipped/>
  </testcase> <!-- MediaR4L2screen -->
  <testcase classname="regressionTestCases.TrndrRegTCs" name="MediaR4L3screen" time="0.0">
    <skipped/>
  </testcase> <!-- MediaR4L3screen -->
  <testcase classname="regressionTestCases.TrndrRegTCs" name="MediaR4L4screen" time="0.0">
    <skipped/>
  </testcase> <!-- MediaR4L4screen -->
  <testcase classname="regressionTestCases.TrndrRegTCs" name="MediaR5screen" time="0.0">
    <skipped/>
  </testcase> <!-- MediaR5screen -->
  <testcase classname="regressionTestCases.TrndrRegTCs" name="MediaR5L1screen" time="0.0">
    <skipped/>
  </testcase> <!-- MediaR5L1screen -->
  <testcase classname="regressionTestCases.TrndrRegTCs" name="MediaR5L2screen" time="0.0">
    <skipped/>
  </testcase> <!-- MediaR5L2screen -->
  <testcase classname="regressionTestCases.TrndrRegTCs" name="MediaR5L3screen" time="0.0">
    <skipped/>
  </testcase> <!-- MediaR5L3screen -->
  <testcase classname="regressionTestCases.TrndrRegTCs" name="MediaR5L4screen" time="0.0">
    <skipped/>
  </testcase> <!-- MediaR5L4screen -->
  <testcase classname="regressionTestCases.TrndrRegTCs" name="MediaMedalscreen" time="0.0">
    <skipped/>
  </testcase> <!-- MediaMedalscreen -->
  <testcase classname="regressionTestCases.TrndrRegTCs" name="MediaAccountscreen" time="0.0">
    <skipped/>
  </testcase> <!-- MediaAccountscreen -->
  <testcase classname="regressionTestCases.TrndrRegTCs" name="MediaCategoryiconNL" time="0.0">
    <skipped/>
  </testcase> <!-- MediaCategoryiconNL -->
  <testcase classname="regressionTestCases.TrndrRegTCs" name="Mobilitettc" time="0.0">
    <skipped/>
  </testcase> <!-- Mobilitettc -->
  <testcase classname="regressionTestCases.TrndrRegTCs" name="MobilitetR1L1screen" time="0.0">
    <skipped/>
  </testcase> <!-- MobilitetR1L1screen -->
  <testcase classname="regressionTestCases.TrndrRegTCs" name="MobilitetR1L2screen" time="0.0">
    <skipped/>
  </testcase> <!-- MobilitetR1L2screen -->
  <testcase classname="regressionTestCases.TrndrRegTCs" name="MobilitetR1L3screen" time="0.0">
    <skipped/>
  </testcase> <!-- MobilitetR1L3screen -->
  <testcase classname="regressionTestCases.TrndrRegTCs" name="MobilitetR1L4screen" time="0.0">
    <skipped/>
  </testcase> <!-- MobilitetR1L4screen -->
  <testcase classname="regressionTestCases.TrndrRegTCs" name="MobilitetR2screen" time="0.0">
    <skipped/>
  </testcase> <!-- MobilitetR2screen -->
  <testcase classname="regressionTestCases.TrndrRegTCs" name="MobilitetR2L1screen" time="0.0">
    <skipped/>
  </testcase> <!-- MobilitetR2L1screen -->
  <testcase classname="regressionTestCases.TrndrRegTCs" name="MobilitetR2L2screen" time="0.0">
    <skipped/>
  </testcase> <!-- MobilitetR2L2screen -->
  <testcase classname="regressionTestCases.TrndrRegTCs" name="MobilitetR2L3screen" time="0.0">
    <skipped/>
  </testcase> <!-- MobilitetR2L3screen -->
  <testcase classname="regressionTestCases.TrndrRegTCs" name="MobilitetR2L4screen" time="0.0">
    <skipped/>
  </testcase> <!-- MobilitetR2L4screen -->
  <testcase classname="regressionTestCases.TrndrRegTCs" name="MobilitetR3screen" time="0.0">
    <skipped/>
  </testcase> <!-- MobilitetR3screen -->
  <testcase classname="regressionTestCases.TrndrRegTCs" name="MobilitetR3L1screen" time="0.0">
    <skipped/>
  </testcase> <!-- MobilitetR3L1screen -->
  <testcase classname="regressionTestCases.TrndrRegTCs" name="MobilitetR3L2screen" time="0.0">
    <skipped/>
  </testcase> <!-- MobilitetR3L2screen -->
  <testcase classname="regressionTestCases.TrndrRegTCs" name="MobilitetR3L3screen" time="0.0">
    <skipped/>
  </testcase> <!-- MobilitetR3L3screen -->
  <testcase classname="regressionTestCases.TrndrRegTCs" name="MobilitetR3L4screen" time="0.0">
    <skipped/>
  </testcase> <!-- MobilitetR3L4screen -->
  <testcase classname="regressionTestCases.TrndrRegTCs" name="MobilitetR4screen" time="0.0">
    <skipped/>
  </testcase> <!-- MobilitetR4screen -->
  <testcase classname="regressionTestCases.TrndrRegTCs" name="MobilitetR4L1screen" time="0.0">
    <skipped/>
  </testcase> <!-- MobilitetR4L1screen -->
  <testcase classname="regressionTestCases.TrndrRegTCs" name="MobilitetR4L2screen" time="0.0">
    <skipped/>
  </testcase> <!-- MobilitetR4L2screen -->
  <testcase classname="regressionTestCases.TrndrRegTCs" name="MobilitetR4L3screen" time="0.0">
    <skipped/>
  </testcase> <!-- MobilitetR4L3screen -->
  <testcase classname="regressionTestCases.TrndrRegTCs" name="MobilitetR4L4screen" time="0.0">
    <skipped/>
  </testcase> <!-- MobilitetR4L4screen -->
  <testcase classname="regressionTestCases.TrndrRegTCs" name="MobilitetR5screen" time="0.0">
    <skipped/>
  </testcase> <!-- MobilitetR5screen -->
  <testcase classname="regressionTestCases.TrndrRegTCs" name="MobilitetR5L1screen" time="0.0">
    <skipped/>
  </testcase> <!-- MobilitetR5L1screen -->
  <testcase classname="regressionTestCases.TrndrRegTCs" name="MobilitetR5L2screen" time="0.0">
    <skipped/>
  </testcase> <!-- MobilitetR5L2screen -->
  <testcase classname="regressionTestCases.TrndrRegTCs" name="MobilitetR5L3screen" time="0.0">
    <skipped/>
  </testcase> <!-- MobilitetR5L3screen -->
  <testcase classname="regressionTestCases.TrndrRegTCs" name="MobilitetR5L4screen" time="0.0">
    <skipped/>
  </testcase> <!-- MobilitetR5L4screen -->
  <testcase classname="regressionTestCases.TrndrRegTCs" name="MobilitetMedalscreen" time="0.0">
    <skipped/>
  </testcase> <!-- MobilitetMedalscreen -->
  <testcase classname="regressionTestCases.TrndrRegTCs" name="MobilitetAccountscreen" time="0.0">
    <skipped/>
  </testcase> <!-- MobilitetAccountscreen -->
  <testcase classname="regressionTestCases.TrndrRegTCs" name="MobilitetCategoryiconNL" time="0.0">
    <skipped/>
  </testcase> <!-- MobilitetCategoryiconNL -->
  <testcase classname="regressionTestCases.TrndrRegTCs" name="Musictc" time="0.0">
    <skipped/>
  </testcase> <!-- Musictc -->
  <testcase classname="regressionTestCases.TrndrRegTCs" name="MusicR1L1screen" time="0.0">
    <skipped/>
  </testcase> <!-- MusicR1L1screen -->
  <testcase classname="regressionTestCases.TrndrRegTCs" name="MusicR1L2screen" time="0.0">
    <skipped/>
  </testcase> <!-- MusicR1L2screen -->
  <testcase classname="regressionTestCases.TrndrRegTCs" name="MusicR1L3screen" time="0.0">
    <skipped/>
  </testcase> <!-- MusicR1L3screen -->
  <testcase classname="regressionTestCases.TrndrRegTCs" name="MusicR1L4screen" time="0.0">
    <skipped/>
  </testcase> <!-- MusicR1L4screen -->
  <testcase classname="regressionTestCases.TrndrRegTCs" name="MusicR2screen" time="0.0">
    <skipped/>
  </testcase> <!-- MusicR2screen -->
  <testcase classname="regressionTestCases.TrndrRegTCs" name="MusicR2L1screen" time="0.0">
    <skipped/>
  </testcase> <!-- MusicR2L1screen -->
  <testcase classname="regressionTestCases.TrndrRegTCs" name="MusicR2L2screen" time="0.0">
    <skipped/>
  </testcase> <!-- MusicR2L2screen -->
  <testcase classname="regressionTestCases.TrndrRegTCs" name="MusicR2L3screen" time="0.0">
    <skipped/>
  </testcase> <!-- MusicR2L3screen -->
  <testcase classname="regressionTestCases.TrndrRegTCs" name="MusicR2L4screen" time="0.0">
    <skipped/>
  </testcase> <!-- MusicR2L4screen -->
  <testcase classname="regressionTestCases.TrndrRegTCs" name="MusicR3screen" time="0.0">
    <skipped/>
  </testcase> <!-- MusicR3screen -->
  <testcase classname="regressionTestCases.TrndrRegTCs" name="MusicR3L1screen" time="0.0">
    <skipped/>
  </testcase> <!-- MusicR3L1screen -->
  <testcase classname="regressionTestCases.TrndrRegTCs" name="MusicR3L2screen" time="0.0">
    <skipped/>
  </testcase> <!-- MusicR3L2screen -->
  <testcase classname="regressionTestCases.TrndrRegTCs" name="MusicR3L3screen" time="0.0">
    <skipped/>
  </testcase> <!-- MusicR3L3screen -->
  <testcase classname="regressionTestCases.TrndrRegTCs" name="MusicR3L4screen" time="0.0">
    <skipped/>
  </testcase> <!-- MusicR3L4screen -->
  <testcase classname="regressionTestCases.TrndrRegTCs" name="MusicR4screen" time="0.0">
    <skipped/>
  </testcase> <!-- MusicR4screen -->
  <testcase classname="regressionTestCases.TrndrRegTCs" name="MusicR4L1screen" time="0.0">
    <skipped/>
  </testcase> <!-- MusicR4L1screen -->
  <testcase classname="regressionTestCases.TrndrRegTCs" name="MusicR4L2screen" time="0.0">
    <skipped/>
  </testcase> <!-- MusicR4L2screen -->
  <testcase classname="regressionTestCases.TrndrRegTCs" name="MusicR4L3screen" time="0.0">
    <skipped/>
  </testcase> <!-- MusicR4L3screen -->
  <testcase classname="regressionTestCases.TrndrRegTCs" name="MusicR4L4screen" time="0.0">
    <skipped/>
  </testcase> <!-- MusicR4L4screen -->
  <testcase classname="regressionTestCases.TrndrRegTCs" name="MusicR5screen" time="0.0">
    <skipped/>
  </testcase> <!-- MusicR5screen -->
  <testcase classname="regressionTestCases.TrndrRegTCs" name="MusicR5L1screen" time="0.0">
    <skipped/>
  </testcase> <!-- MusicR5L1screen -->
  <testcase classname="regressionTestCases.TrndrRegTCs" name="MusicR5L2screen" time="0.0">
    <skipped/>
  </testcase> <!-- MusicR5L2screen -->
  <testcase classname="regressionTestCases.TrndrRegTCs" name="MusicR5L3screen" time="0.0">
    <skipped/>
  </testcase> <!-- MusicR5L3screen -->
  <testcase classname="regressionTestCases.TrndrRegTCs" name="MusicR5L4screen" time="0.0">
    <skipped/>
  </testcase> <!-- MusicR5L4screen -->
  <testcase classname="regressionTestCases.TrndrRegTCs" name="MusicMedalscreen" time="0.0">
    <skipped/>
  </testcase> <!-- MusicMedalscreen -->
  <testcase classname="regressionTestCases.TrndrRegTCs" name="MusicAccountscreen" time="0.0">
    <skipped/>
  </testcase> <!-- MusicAccountscreen -->
  <testcase classname="regressionTestCases.TrndrRegTCs" name="MusicCategoryiconNL" time="0.0">
    <skipped/>
  </testcase> <!-- MusicCategoryiconNL -->
  <testcase classname="regressionTestCases.TrndrRegTCs" name="Pensiontc" time="0.0">
    <skipped/>
  </testcase> <!-- Pensiontc -->
  <testcase classname="regressionTestCases.TrndrRegTCs" name="PensionR1L1screen" time="0.0">
    <skipped/>
  </testcase> <!-- PensionR1L1screen -->
  <testcase classname="regressionTestCases.TrndrRegTCs" name="PensionR1L2screen" time="0.0">
    <skipped/>
  </testcase> <!-- PensionR1L2screen -->
  <testcase classname="regressionTestCases.TrndrRegTCs" name="PensionR1L3screen" time="0.0">
    <skipped/>
  </testcase> <!-- PensionR1L3screen -->
  <testcase classname="regressionTestCases.TrndrRegTCs" name="PensionR1L4screen" time="0.0">
    <skipped/>
  </testcase> <!-- PensionR1L4screen -->
  <testcase classname="regressionTestCases.TrndrRegTCs" name="PensionR2screen" time="0.0">
    <skipped/>
  </testcase> <!-- PensionR2screen -->
  <testcase classname="regressionTestCases.TrndrRegTCs" name="PensionR2L1screen" time="0.0">
    <skipped/>
  </testcase> <!-- PensionR2L1screen -->
  <testcase classname="regressionTestCases.TrndrRegTCs" name="PensionR2L2screen" time="0.0">
    <skipped/>
  </testcase> <!-- PensionR2L2screen -->
  <testcase classname="regressionTestCases.TrndrRegTCs" name="PensionR2L3screen" time="0.0">
    <skipped/>
  </testcase> <!-- PensionR2L3screen -->
  <testcase classname="regressionTestCases.TrndrRegTCs" name="PensionR2L4screen" time="0.0">
    <skipped/>
  </testcase> <!-- PensionR2L4screen -->
  <testcase classname="regressionTestCases.TrndrRegTCs" name="PensionR3screen" time="0.0">
    <skipped/>
  </testcase> <!-- PensionR3screen -->
  <testcase classname="regressionTestCases.TrndrRegTCs" name="PensionR3L1screen" time="0.0">
    <skipped/>
  </testcase> <!-- PensionR3L1screen -->
  <testcase classname="regressionTestCases.TrndrRegTCs" name="PensionR3L2screen" time="0.0">
    <skipped/>
  </testcase> <!-- PensionR3L2screen -->
  <testcase classname="regressionTestCases.TrndrRegTCs" name="PensionR3L3screen" time="0.0">
    <skipped/>
  </testcase> <!-- PensionR3L3screen -->
  <testcase classname="regressionTestCases.TrndrRegTCs" name="PensionR3L4screen" time="0.0">
    <skipped/>
  </testcase> <!-- PensionR3L4screen -->
  <testcase classname="regressionTestCases.TrndrRegTCs" name="PensionR4screen" time="0.0">
    <skipped/>
  </testcase> <!-- PensionR4screen -->
  <testcase classname="regressionTestCases.TrndrRegTCs" name="PensionR4L1screen" time="0.0">
    <skipped/>
  </testcase> <!-- PensionR4L1screen -->
  <testcase classname="regressionTestCases.TrndrRegTCs" name="PensionR4L2screen" time="0.0">
    <skipped/>
  </testcase> <!-- PensionR4L2screen -->
  <testcase classname="regressionTestCases.TrndrRegTCs" name="PensionR4L3screen" time="0.0">
    <skipped/>
  </testcase> <!-- PensionR4L3screen -->
  <testcase classname="regressionTestCases.TrndrRegTCs" name="PensionR4L4screen" time="0.0">
    <skipped/>
  </testcase> <!-- PensionR4L4screen -->
  <testcase classname="regressionTestCases.TrndrRegTCs" name="PensionR5screen" time="0.0">
    <skipped/>
  </testcase> <!-- PensionR5screen -->
  <testcase classname="regressionTestCases.TrndrRegTCs" name="PensionR5L1screen" time="0.0">
    <skipped/>
  </testcase> <!-- PensionR5L1screen -->
  <testcase classname="regressionTestCases.TrndrRegTCs" name="PensionR5L2screen" time="0.0">
    <skipped/>
  </testcase> <!-- PensionR5L2screen -->
  <testcase classname="regressionTestCases.TrndrRegTCs" name="PensionR5L3screen" time="0.0">
    <skipped/>
  </testcase> <!-- PensionR5L3screen -->
  <testcase classname="regressionTestCases.TrndrRegTCs" name="PensionR5L4screen" time="0.0">
    <skipped/>
  </testcase> <!-- PensionR5L4screen -->
  <testcase classname="regressionTestCases.TrndrRegTCs" name="PensionMedalscreen" time="0.0">
    <skipped/>
  </testcase> <!-- PensionMedalscreen -->
  <testcase classname="regressionTestCases.TrndrRegTCs" name="PensionAccountscreen" time="0.0">
    <skipped/>
  </testcase> <!-- PensionAccountscreen -->
  <testcase classname="regressionTestCases.TrndrRegTCs" name="PensionCategoryiconNL" time="0.0">
    <skipped/>
  </testcase> <!-- PensionCategoryiconNL -->
  <testcase classname="regressionTestCases.TrndrRegTCs" name="SocialDomeintc" time="0.0">
    <skipped/>
  </testcase> <!-- SocialDomeintc -->
  <testcase classname="regressionTestCases.TrndrRegTCs" name="SocialDomeinR1L1screen" time="0.0">
    <skipped/>
  </testcase> <!-- SocialDomeinR1L1screen -->
  <testcase classname="regressionTestCases.TrndrRegTCs" name="SocialDomeinR1L2screen" time="0.0">
    <skipped/>
  </testcase> <!-- SocialDomeinR1L2screen -->
  <testcase classname="regressionTestCases.TrndrRegTCs" name="SocialDomeinR1L3screen" time="0.0">
    <skipped/>
  </testcase> <!-- SocialDomeinR1L3screen -->
  <testcase classname="regressionTestCases.TrndrRegTCs" name="SocialDomeinR1L4screen" time="0.0">
    <skipped/>
  </testcase> <!-- SocialDomeinR1L4screen -->
  <testcase classname="regressionTestCases.TrndrRegTCs" name="SocialDomeinR2screen" time="0.0">
    <skipped/>
  </testcase> <!-- SocialDomeinR2screen -->
  <testcase classname="regressionTestCases.TrndrRegTCs" name="SocialDomeinR2L1screen" time="0.0">
    <skipped/>
  </testcase> <!-- SocialDomeinR2L1screen -->
  <testcase classname="regressionTestCases.TrndrRegTCs" name="SocialDomeinR2L2screen" time="0.0">
    <skipped/>
  </testcase> <!-- SocialDomeinR2L2screen -->
  <testcase classname="regressionTestCases.TrndrRegTCs" name="SocialDomeinR2L3screen" time="0.0">
    <skipped/>
  </testcase> <!-- SocialDomeinR2L3screen -->
  <testcase classname="regressionTestCases.TrndrRegTCs" name="SocialDomeinR2L4screen" time="0.0">
    <skipped/>
  </testcase> <!-- SocialDomeinR2L4screen -->
  <testcase classname="regressionTestCases.TrndrRegTCs" name="SocialDomeinR3screen" time="0.0">
    <skipped/>
  </testcase> <!-- SocialDomeinR3screen -->
  <testcase classname="regressionTestCases.TrndrRegTCs" name="SocialDomeinR3L1screen" time="0.0">
    <skipped/>
  </testcase> <!-- SocialDomeinR3L1screen -->
  <testcase classname="regressionTestCases.TrndrRegTCs" name="SocialDomeinR3L2screen" time="0.0">
    <skipped/>
  </testcase> <!-- SocialDomeinR3L2screen -->
  <testcase classname="regressionTestCases.TrndrRegTCs" name="SocialDomeinR3L3screen" time="0.0">
    <skipped/>
  </testcase> <!-- SocialDomeinR3L3screen -->
  <testcase classname="regressionTestCases.TrndrRegTCs" name="SocialDomeinR3L4screen" time="0.0">
    <skipped/>
  </testcase> <!-- SocialDomeinR3L4screen -->
  <testcase classname="regressionTestCases.TrndrRegTCs" name="SocialDomeinR4screen" time="0.0">
    <skipped/>
  </testcase> <!-- SocialDomeinR4screen -->
  <testcase classname="regressionTestCases.TrndrRegTCs" name="SocialDomeinR4L1screen" time="0.0">
    <skipped/>
  </testcase> <!-- SocialDomeinR4L1screen -->
  <testcase classname="regressionTestCases.TrndrRegTCs" name="SocialDomeinR4L2screen" time="0.0">
    <skipped/>
  </testcase> <!-- SocialDomeinR4L2screen -->
  <testcase classname="regressionTestCases.TrndrRegTCs" name="SocialDomeinR4L3screen" time="0.0">
    <skipped/>
  </testcase> <!-- SocialDomeinR4L3screen -->
  <testcase classname="regressionTestCases.TrndrRegTCs" name="SocialDomeinR4L4screen" time="0.0">
    <skipped/>
  </testcase> <!-- SocialDomeinR4L4screen -->
  <testcase classname="regressionTestCases.TrndrRegTCs" name="SocialDomeinR5screen" time="0.0">
    <skipped/>
  </testcase> <!-- SocialDomeinR5screen -->
  <testcase classname="regressionTestCases.TrndrRegTCs" name="SocialDomeinR5L1screen" time="0.0">
    <skipped/>
  </testcase> <!-- SocialDomeinR5L1screen -->
  <testcase classname="regressionTestCases.TrndrRegTCs" name="SocialDomeinR5L2screen" time="0.0">
    <skipped/>
  </testcase> <!-- SocialDomeinR5L2screen -->
  <testcase classname="regressionTestCases.TrndrRegTCs" name="SocialDomeinR5L3screen" time="0.0">
    <skipped/>
  </testcase> <!-- SocialDomeinR5L3screen -->
  <testcase classname="regressionTestCases.TrndrRegTCs" name="SocialDomeinR5L4screen" time="0.0">
    <skipped/>
  </testcase> <!-- SocialDomeinR5L4screen -->
  <testcase classname="regressionTestCases.TrndrRegTCs" name="SocialDomeinMedalscreen" time="0.0">
    <skipped/>
  </testcase> <!-- SocialDomeinMedalscreen -->
  <testcase classname="regressionTestCases.TrndrRegTCs" name="SocialDomeinAccountscreen" time="0.0">
    <skipped/>
  </testcase> <!-- SocialDomeinAccountscreen -->
  <testcase classname="regressionTestCases.TrndrRegTCs" name="SocialDomeinCategoryiconNL" time="0.0">
    <skipped/>
  </testcase> <!-- SocialDomeinCategoryiconNL -->
</testsuite> <!-- prod test -->
