<?xml version="1.0" encoding="UTF-8"?>
<testng-results ignored="0" total="0" passed="0" failed="0" skipped="0">
  <reporter-output>
  </reporter-output>
  <suite started-at="2019-11-26T15:02:19Z" name="Aarini_Trndr_Prod.Aarini_Trndr_Prod.AppTest" finished-at="2019-11-26T15:02:19Z" duration-ms="8">
    <groups>
    </groups>
    <test started-at="2019-11-26T15:02:19Z" name="Command line test" finished-at="2019-11-26T15:02:19Z" duration-ms="8">
    </test> <!-- Command line test -->
  </suite> <!-- Aarini_Trndr_Prod.Aarini_Trndr_Prod.AppTest -->
</testng-results>
